INFO:yastn.yastn.tn.fpeps.envs._env_ctm_dist_mp:ctmrg_T main loop max_workers=4 on devices=['cuda:0', 'cuda:1', 'cuda:2', 'cuda:3']
INFO:yastn.yastn.tn.fpeps.envs._env_ctm_dist_mp:_update_core_T_ h [['cuda:0', 'cuda:3'], ['cuda:1'], ['cuda:2']] 
INFO:yastn.yastn.tn.fpeps.envs._env_ctm_dist_mp:_update_core_T_ v [['cuda:0', 'cuda:3'], ['cuda:1'], ['cuda:2']] 
INFO:root:Sweep = 001; max_diff_corner_singular_values = nan
INFO:FixedPoint:CTM iter 1 |delta_C| nan t 8.824567926931195 [s]
INFO:yastn.yastn.tn.fpeps.envs._env_ctm_dist_mp:_update_core_T_ h [['cuda:0', 'cuda:3'], ['cuda:1'], ['cuda:2']] 
INFO:yastn.yastn.tn.fpeps.envs._env_ctm_dist_mp:_update_core_T_ v [['cuda:0', 'cuda:3'], ['cuda:1'], ['cuda:2']] 
INFO:root:Sweep = 002; max_diff_corner_singular_values = 5.34e-01
INFO:FixedPoint:CTM iter 2 |delta_C| 0.5342880796482112 t 2.9874790370231494 [s]
INFO:yastn.yastn.tn.fpeps.envs._env_ctm_dist_mp:_update_core_T_ h [['cuda:0', 'cuda:3'], ['cuda:1'], ['cuda:2']] 
INFO:yastn.yastn.tn.fpeps.envs._env_ctm_dist_mp:_update_core_T_ v [['cuda:0', 'cuda:3'], ['cuda:1'], ['cuda:2']] 
INFO:root:Sweep = 003; max_diff_corner_singular_values = 1.89e-01
INFO:FixedPoint:CTM iter 3 |delta_C| 0.18938256164003983 t 2.434189838008024 [s]
INFO:yastn.yastn.tn.fpeps.envs._env_ctm_dist_mp:_update_core_T_ h [['cuda:0', 'cuda:3'], ['cuda:1'], ['cuda:2']] 
INFO:yastn.yastn.tn.fpeps.envs._env_ctm_dist_mp:_update_core_T_ v [['cuda:0', 'cuda:3'], ['cuda:1'], ['cuda:2']] 
INFO:root:Sweep = 004; max_diff_corner_singular_values = 1.32e-01
INFO:FixedPoint:CTM iter 4 |delta_C| 0.1320184684742011 t 1.7994331440422684 [s]
INFO:yastn.yastn.tn.fpeps.envs._env_ctm_dist_mp:_update_core_T_ h [['cuda:0', 'cuda:3'], ['cuda:1'], ['cuda:2']] 
INFO:yastn.yastn.tn.fpeps.envs._env_ctm_dist_mp:_update_core_T_ v [['cuda:0', 'cuda:3'], ['cuda:1'], ['cuda:2']] 
INFO:root:Sweep = 005; max_diff_corner_singular_values = 6.11e-02
INFO:FixedPoint:CTM iter 5 |delta_C| 0.06105285503998334 t 2.3796676739584655 [s]
INFO:yastn.yastn.tn.fpeps.envs._env_ctm_dist_mp:_update_core_T_ h [['cuda:0', 'cuda:3'], ['cuda:1'], ['cuda:2']] 
INFO:yastn.yastn.tn.fpeps.envs._env_ctm_dist_mp:_update_core_T_ v [['cuda:0', 'cuda:3'], ['cuda:1'], ['cuda:2']] 
INFO:root:Sweep = 006; max_diff_corner_singular_values = 5.90e-02
INFO:FixedPoint:CTM iter 6 |delta_C| 0.05902909998762733 t 1.7970695389667526 [s]
INFO:yastn.yastn.tn.fpeps.envs._env_ctm_dist_mp:_update_core_T_ h [['cuda:0', 'cuda:3'], ['cuda:1'], ['cuda:2']] 
INFO:yastn.yastn.tn.fpeps.envs._env_ctm_dist_mp:_update_core_T_ v [['cuda:0', 'cuda:3'], ['cuda:1'], ['cuda:2']] 
INFO:root:Sweep = 007; max_diff_corner_singular_values = 5.66e-02
INFO:FixedPoint:CTM iter 7 |delta_C| 0.05659325491449812 t 1.7366910779383034 [s]
INFO:yastn.yastn.tn.fpeps.envs._env_ctm_dist_mp:_update_core_T_ h [['cuda:0', 'cuda:3'], ['cuda:1'], ['cuda:2']] 
INFO:yastn.yastn.tn.fpeps.envs._env_ctm_dist_mp:_update_core_T_ v [['cuda:0', 'cuda:3'], ['cuda:1'], ['cuda:2']] 
INFO:root:Sweep = 008; max_diff_corner_singular_values = 6.28e-02
INFO:FixedPoint:CTM iter 8 |delta_C| 0.06280528275693495 t 1.6301727159880102 [s]
INFO:yastn.yastn.tn.fpeps.envs._env_ctm_dist_mp:_update_core_T_ h [['cuda:0', 'cuda:3'], ['cuda:1'], ['cuda:2']] 
INFO:yastn.yastn.tn.fpeps.envs._env_ctm_dist_mp:_update_core_T_ v [['cuda:0', 'cuda:3'], ['cuda:1'], ['cuda:2']] 
INFO:root:Sweep = 009; max_diff_corner_singular_values = 6.27e-02
INFO:FixedPoint:CTM iter 9 |delta_C| 0.06272651163824616 t 1.6756642210530117 [s]
INFO:yastn.yastn.tn.fpeps.envs._env_ctm_dist_mp:_update_core_T_ h [['cuda:0', 'cuda:3'], ['cuda:1'], ['cuda:2']] 
INFO:yastn.yastn.tn.fpeps.envs._env_ctm_dist_mp:_update_core_T_ v [['cuda:0', 'cuda:3'], ['cuda:1'], ['cuda:2']] 
INFO:root:Sweep = 010; max_diff_corner_singular_values = 3.17e-03
INFO:FixedPoint:CTM iter 10 |delta_C| 0.00317323434231859 t 1.5459245400270447 [s]
INFO:yastn.yastn.tn.fpeps.envs._env_ctm_dist_mp:_update_core_T_ h [['cuda:0', 'cuda:3'], ['cuda:1'], ['cuda:2']] 
INFO:yastn.yastn.tn.fpeps.envs._env_ctm_dist_mp:_update_core_T_ v [['cuda:0', 'cuda:3'], ['cuda:1'], ['cuda:2']] 
INFO:root:Sweep = 011; max_diff_corner_singular_values = 1.81e-03
INFO:FixedPoint:CTM iter 11 |delta_C| 0.0018091969010979863 t 1.563114018063061 [s]
INFO:yastn.yastn.tn.fpeps.envs._env_ctm_dist_mp:_update_core_T_ h [['cuda:0', 'cuda:3'], ['cuda:1'], ['cuda:2']] 
INFO:yastn.yastn.tn.fpeps.envs._env_ctm_dist_mp:_update_core_T_ v [['cuda:0', 'cuda:3'], ['cuda:1'], ['cuda:2']] 
INFO:root:Sweep = 012; max_diff_corner_singular_values = 8.71e-04
INFO:FixedPoint:CTM iter 12 |delta_C| 0.0008712894366919573 t 1.5552091770805418 [s]
INFO:yastn.yastn.tn.fpeps.envs._env_ctm_dist_mp:_update_core_T_ h [['cuda:0', 'cuda:3'], ['cuda:1'], ['cuda:2']] 
INFO:yastn.yastn.tn.fpeps.envs._env_ctm_dist_mp:_update_core_T_ v [['cuda:0', 'cuda:3'], ['cuda:1'], ['cuda:2']] 
INFO:root:Sweep = 013; max_diff_corner_singular_values = 5.39e-04
INFO:FixedPoint:CTM iter 13 |delta_C| 0.0005387694164432646 t 1.5581780759384856 [s]
INFO:yastn.yastn.tn.fpeps.envs._env_ctm_dist_mp:_update_core_T_ h [['cuda:0', 'cuda:3'], ['cuda:1'], ['cuda:2']] 
INFO:yastn.yastn.tn.fpeps.envs._env_ctm_dist_mp:_update_core_T_ v [['cuda:0', 'cuda:3'], ['cuda:1'], ['cuda:2']] 
INFO:root:Sweep = 014; max_diff_corner_singular_values = 2.78e-04
INFO:FixedPoint:CTM iter 14 |delta_C| 0.00027779456467687296 t 1.6040028809802607 [s]
INFO:yastn.yastn.tn.fpeps.envs._env_ctm_dist_mp:_update_core_T_ h [['cuda:0', 'cuda:3'], ['cuda:1'], ['cuda:2']] 
INFO:yastn.yastn.tn.fpeps.envs._env_ctm_dist_mp:_update_core_T_ v [['cuda:0', 'cuda:3'], ['cuda:1'], ['cuda:2']] 
INFO:root:Sweep = 015; max_diff_corner_singular_values = 1.62e-04
INFO:FixedPoint:CTM iter 15 |delta_C| 0.00016212030143479008 t 1.5359923709183931 [s]
INFO:yastn.yastn.tn.fpeps.envs._env_ctm_dist_mp:_update_core_T_ h [['cuda:0', 'cuda:3'], ['cuda:1'], ['cuda:2']] 
INFO:yastn.yastn.tn.fpeps.envs._env_ctm_dist_mp:_update_core_T_ v [['cuda:0', 'cuda:3'], ['cuda:1'], ['cuda:2']] 
INFO:root:Sweep = 016; max_diff_corner_singular_values = 8.52e-05
INFO:FixedPoint:CTM iter 16 |delta_C| 8.516364450006907e-05 t 1.5529289279365912 [s]
INFO:yastn.yastn.tn.fpeps.envs._env_ctm_dist_mp:_update_core_T_ h [['cuda:0', 'cuda:3'], ['cuda:1'], ['cuda:2']] 
INFO:yastn.yastn.tn.fpeps.envs._env_ctm_dist_mp:_update_core_T_ v [['cuda:0', 'cuda:3'], ['cuda:1'], ['cuda:2']] 
INFO:root:Sweep = 017; max_diff_corner_singular_values = 4.80e-05
INFO:FixedPoint:CTM iter 17 |delta_C| 4.795251111605627e-05 t 1.5317466800333932 [s]
INFO:yastn.yastn.tn.fpeps.envs._env_ctm_dist_mp:_update_core_T_ h [['cuda:0', 'cuda:3'], ['cuda:1'], ['cuda:2']] 
INFO:yastn.yastn.tn.fpeps.envs._env_ctm_dist_mp:_update_core_T_ v [['cuda:0', 'cuda:3'], ['cuda:1'], ['cuda:2']] 
INFO:root:Sweep = 018; max_diff_corner_singular_values = 2.54e-05
INFO:FixedPoint:CTM iter 18 |delta_C| 2.5412486560992363e-05 t 1.5480512260692194 [s]
INFO:yastn.yastn.tn.fpeps.envs._env_ctm_dist_mp:_update_core_T_ h [['cuda:0', 'cuda:3'], ['cuda:1'], ['cuda:2']] 
INFO:yastn.yastn.tn.fpeps.envs._env_ctm_dist_mp:_update_core_T_ v [['cuda:0', 'cuda:3'], ['cuda:1'], ['cuda:2']] 
INFO:root:Sweep = 019; max_diff_corner_singular_values = 1.40e-05
INFO:FixedPoint:CTM iter 19 |delta_C| 1.3980891750838372e-05 t 1.698866149992682 [s]
INFO:yastn.yastn.tn.fpeps.envs._env_ctm_dist_mp:_update_core_T_ h [['cuda:0', 'cuda:3'], ['cuda:1'], ['cuda:2']] 
INFO:yastn.yastn.tn.fpeps.envs._env_ctm_dist_mp:_update_core_T_ v [['cuda:0', 'cuda:3'], ['cuda:1'], ['cuda:2']] 
INFO:root:Sweep = 020; max_diff_corner_singular_values = 7.44e-06
INFO:FixedPoint:CTM iter 20 |delta_C| 7.437927093445404e-06 t 1.5730606189463288 [s]
INFO:yastn.yastn.tn.fpeps.envs._env_ctm_dist_mp:_update_core_T_ h [['cuda:0', 'cuda:3'], ['cuda:1'], ['cuda:2']] 
INFO:yastn.yastn.tn.fpeps.envs._env_ctm_dist_mp:_update_core_T_ v [['cuda:0', 'cuda:3'], ['cuda:1'], ['cuda:2']] 
INFO:root:Sweep = 021; max_diff_corner_singular_values = 4.03e-06
INFO:FixedPoint:CTM iter 21 |delta_C| 4.028344021841056e-06 t 1.5520878030220047 [s]
INFO:yastn.yastn.tn.fpeps.envs._env_ctm_dist_mp:_update_core_T_ h [['cuda:0', 'cuda:3'], ['cuda:1'], ['cuda:2']] 
INFO:yastn.yastn.tn.fpeps.envs._env_ctm_dist_mp:_update_core_T_ v [['cuda:0', 'cuda:3'], ['cuda:1'], ['cuda:2']] 
INFO:root:Sweep = 022; max_diff_corner_singular_values = 2.15e-06
INFO:FixedPoint:CTM iter 22 |delta_C| 2.14568847461947e-06 t 1.5397737239254639 [s]
INFO:yastn.yastn.tn.fpeps.envs._env_ctm_dist_mp:_update_core_T_ h [['cuda:0', 'cuda:3'], ['cuda:1'], ['cuda:2']] 
INFO:yastn.yastn.tn.fpeps.envs._env_ctm_dist_mp:_update_core_T_ v [['cuda:0', 'cuda:3'], ['cuda:1'], ['cuda:2']] 
INFO:root:Sweep = 023; max_diff_corner_singular_values = 1.15e-06
INFO:FixedPoint:CTM iter 23 |delta_C| 1.1494252621155625e-06 t 1.6268203739309683 [s]
INFO:yastn.yastn.tn.fpeps.envs._env_ctm_dist_mp:_update_core_T_ h [['cuda:0', 'cuda:3'], ['cuda:1'], ['cuda:2']] 
INFO:yastn.yastn.tn.fpeps.envs._env_ctm_dist_mp:_update_core_T_ v [['cuda:0', 'cuda:3'], ['cuda:1'], ['cuda:2']] 
INFO:root:Sweep = 024; max_diff_corner_singular_values = 6.12e-07
INFO:FixedPoint:CTM iter 24 |delta_C| 6.12070446459265e-07 t 1.5292545340489596 [s]
INFO:yastn.yastn.tn.fpeps.envs._env_ctm_dist_mp:_update_core_T_ h [['cuda:0', 'cuda:3'], ['cuda:1'], ['cuda:2']] 
INFO:yastn.yastn.tn.fpeps.envs._env_ctm_dist_mp:_update_core_T_ v [['cuda:0', 'cuda:3'], ['cuda:1'], ['cuda:2']] 
INFO:root:Sweep = 025; max_diff_corner_singular_values = 3.25e-07
INFO:FixedPoint:CTM iter 25 |delta_C| 3.253076988690205e-07 t 1.5449501379625872 [s]
INFO:yastn.yastn.tn.fpeps.envs._env_ctm_dist_mp:_update_core_T_ h [['cuda:0', 'cuda:3'], ['cuda:1'], ['cuda:2']] 
INFO:yastn.yastn.tn.fpeps.envs._env_ctm_dist_mp:_update_core_T_ v [['cuda:0', 'cuda:3'], ['cuda:1'], ['cuda:2']] 
INFO:root:Sweep = 026; max_diff_corner_singular_values = 1.73e-07
INFO:FixedPoint:CTM iter 26 |delta_C| 1.730393976771018e-07 t 1.5588898289715871 [s]
INFO:yastn.yastn.tn.fpeps.envs._env_ctm_dist_mp:_update_core_T_ h [['cuda:0', 'cuda:3'], ['cuda:1'], ['cuda:2']] 
INFO:yastn.yastn.tn.fpeps.envs._env_ctm_dist_mp:_update_core_T_ v [['cuda:0', 'cuda:3'], ['cuda:1'], ['cuda:2']] 
INFO:root:Sweep = 027; max_diff_corner_singular_values = 9.14e-08
INFO:FixedPoint:CTM iter 27 |delta_C| 9.14354089487411e-08 t 1.5500644750427455 [s]
INFO:yastn.yastn.tn.fpeps.envs._env_ctm_dist_mp:_update_core_T_ h [['cuda:0', 'cuda:3'], ['cuda:1'], ['cuda:2']] 
INFO:yastn.yastn.tn.fpeps.envs._env_ctm_dist_mp:_update_core_T_ v [['cuda:0', 'cuda:3'], ['cuda:1'], ['cuda:2']] 
INFO:root:Sweep = 028; max_diff_corner_singular_values = 4.86e-08
INFO:FixedPoint:CTM iter 28 |delta_C| 4.8564021418969284e-08 t 1.550689446972683 [s]
INFO:yastn.yastn.tn.fpeps.envs._env_ctm_dist_mp:_update_core_T_ h [['cuda:0', 'cuda:3'], ['cuda:1'], ['cuda:2']] 
INFO:yastn.yastn.tn.fpeps.envs._env_ctm_dist_mp:_update_core_T_ v [['cuda:0', 'cuda:3'], ['cuda:1'], ['cuda:2']] 
INFO:root:Sweep = 029; max_diff_corner_singular_values = 2.55e-08
INFO:FixedPoint:CTM iter 29 |delta_C| 2.5549168388344297e-08 t 1.5468395199859515 [s]
INFO:yastn.yastn.tn.fpeps.envs._env_ctm_dist_mp:_update_core_T_ h [['cuda:0', 'cuda:3'], ['cuda:1'], ['cuda:2']] 
INFO:yastn.yastn.tn.fpeps.envs._env_ctm_dist_mp:_update_core_T_ v [['cuda:0', 'cuda:3'], ['cuda:1'], ['cuda:2']] 
INFO:root:Sweep = 030; max_diff_corner_singular_values = 1.35e-08
INFO:FixedPoint:CTM iter 30 |delta_C| 1.3547076695041264e-08 t 1.6323586649959907 [s]
INFO:yastn.yastn.tn.fpeps.envs._env_ctm_dist_mp:_update_core_T_ h [['cuda:0', 'cuda:3'], ['cuda:1'], ['cuda:2']] 
INFO:yastn.yastn.tn.fpeps.envs._env_ctm_dist_mp:_update_core_T_ v [['cuda:0', 'cuda:3'], ['cuda:1'], ['cuda:2']] 
INFO:root:Sweep = 031; max_diff_corner_singular_values = 7.10e-09
INFO:FixedPoint:CTM iter 31 |delta_C| 7.102855161184064e-09 t 1.5532531109638512 [s]
INFO:yastn.yastn.tn.fpeps.envs._env_ctm_dist_mp:_update_core_T_ h [['cuda:0', 'cuda:3'], ['cuda:1'], ['cuda:2']] 
INFO:yastn.yastn.tn.fpeps.envs._env_ctm_dist_mp:_update_core_T_ v [['cuda:0', 'cuda:3'], ['cuda:1'], ['cuda:2']] 
INFO:root:Sweep = 032; max_diff_corner_singular_values = 3.76e-09
INFO:FixedPoint:CTM iter 32 |delta_C| 3.759730062557043e-09 t 1.5553701960016042 [s]
INFO:yastn.yastn.tn.fpeps.envs._env_ctm_dist_mp:_update_core_T_ h [['cuda:0', 'cuda:3'], ['cuda:1'], ['cuda:2']] 
INFO:yastn.yastn.tn.fpeps.envs._env_ctm_dist_mp:_update_core_T_ v [['cuda:0', 'cuda:3'], ['cuda:1'], ['cuda:2']] 
INFO:root:Sweep = 033; max_diff_corner_singular_values = 1.97e-09
INFO:FixedPoint:CTM iter 33 |delta_C| 1.9658918264463574e-09 t 1.5479026220273226 [s]
INFO:yastn.yastn.tn.fpeps.envs._env_ctm_dist_mp:_update_core_T_ h [['cuda:0', 'cuda:3'], ['cuda:1'], ['cuda:2']] 
INFO:yastn.yastn.tn.fpeps.envs._env_ctm_dist_mp:_update_core_T_ v [['cuda:0', 'cuda:3'], ['cuda:1'], ['cuda:2']] 
INFO:root:Sweep = 034; max_diff_corner_singular_values = 1.04e-09
INFO:FixedPoint:CTM iter 34 |delta_C| 1.0387957756386644e-09 t 1.5514066079631448 [s]
INFO:yastn.yastn.tn.fpeps.envs._env_ctm_dist_mp:_update_core_T_ h [['cuda:0', 'cuda:3'], ['cuda:1'], ['cuda:2']] 
INFO:yastn.yastn.tn.fpeps.envs._env_ctm_dist_mp:_update_core_T_ v [['cuda:0', 'cuda:3'], ['cuda:1'], ['cuda:2']] 
INFO:root:Sweep = 035; max_diff_corner_singular_values = 5.42e-10
INFO:FixedPoint:CTM iter 35 |delta_C| 5.420084794796389e-10 t 1.5450197999598458 [s]
INFO:yastn.yastn.tn.fpeps.envs._env_ctm_dist_mp:_update_core_T_ h [['cuda:0', 'cuda:3'], ['cuda:1'], ['cuda:2']] 
INFO:yastn.yastn.tn.fpeps.envs._env_ctm_dist_mp:_update_core_T_ v [['cuda:0', 'cuda:3'], ['cuda:1'], ['cuda:2']] 
INFO:root:Sweep = 036; max_diff_corner_singular_values = 2.86e-10
INFO:FixedPoint:CTM iter 36 |delta_C| 2.8599016610605336e-10 t 1.5494661880657077 [s]
INFO:yastn.yastn.tn.fpeps.envs._env_ctm_dist_mp:_update_core_T_ h [['cuda:0', 'cuda:3'], ['cuda:1'], ['cuda:2']] 
INFO:yastn.yastn.tn.fpeps.envs._env_ctm_dist_mp:_update_core_T_ v [['cuda:0', 'cuda:3'], ['cuda:1'], ['cuda:2']] 
INFO:root:Sweep = 037; max_diff_corner_singular_values = 1.49e-10
INFO:FixedPoint:CTM iter 37 |delta_C| 1.4891543469276733e-10 t 1.6161826909519732 [s]
INFO:yastn.yastn.tn.fpeps.envs._env_ctm_dist_mp:_update_core_T_ h [['cuda:0', 'cuda:3'], ['cuda:1'], ['cuda:2']] 
INFO:yastn.yastn.tn.fpeps.envs._env_ctm_dist_mp:_update_core_T_ v [['cuda:0', 'cuda:3'], ['cuda:1'], ['cuda:2']] 
INFO:root:Sweep = 038; max_diff_corner_singular_values = 7.85e-11
INFO:FixedPoint:CTM iter 38 |delta_C| 7.849006898971186e-11 t 3.121321563026868 [s]
INFO:FixedPoint:CTM: convergence: True, sweeps 38, t_ctm 72.20366112771444 [s], t_check 0.8853027619188651 [s]
history [nan, 0.5342880796482112, 0.18938256164003983, 0.1320184684742011, 0.06105285503998334, 0.05902909998762733, 0.05659325491449812, 0.06280528275693495, 0.06272651163824616, 0.00317323434231859, 0.0018091969010979863, 0.0008712894366919573, 0.0005387694164432646, 0.00027779456467687296, 0.00016212030143479008, 8.516364450006907e-05, 4.795251111605627e-05, 2.5412486560992363e-05, 1.3980891750838372e-05, 7.437927093445404e-06, 4.028344021841056e-06, 2.14568847461947e-06, 1.1494252621155625e-06, 6.12070446459265e-07, 3.253076988690205e-07, 1.730393976771018e-07, 9.14354089487411e-08, 4.8564021418969284e-08, 2.5549168388344297e-08, 1.3547076695041264e-08, 7.102855161184064e-09, 3.759730062557043e-09, 1.9658918264463574e-09, 1.0387957756386644e-09, 5.420084794796389e-10, 2.8599016610605336e-10, 1.4891543469276733e-10, 7.849006898971186e-11].
INFO:FixedPoint:FixedPointBackward.forward FP CTM step t 2.9616737000178546 [s]
