INFO:__main__:loaded /capstor/scratch/cscs/hchen/tutorial/tn-torch_dev/examples/honeycomb/FCI_states/D5/embed_t1_0.1_3x3_N3_D_5_chi_75_seed_4_fullrank_cuda_state.json
INFO:yastn.yastn.tn.fpeps.envs._env_ctm_dist_mp:ctmrg_T main loop max_workers=4 on devices=['cuda:0', 'cuda:1', 'cuda:2', 'cuda:3']
INFO:yastn.yastn.tn.fpeps.envs._env_ctm_dist_mp:_update_core_T_ h [['cuda:0', 'cuda:3'], ['cuda:1'], ['cuda:2']] 
INFO:yastn.yastn.tn.fpeps.envs._env_ctm_dist_mp:_update_core_T_ v [['cuda:0', 'cuda:3'], ['cuda:1'], ['cuda:2']] 
INFO:root:Sweep = 001; max_diff_corner_singular_values = nan
INFO:FixedPoint:CTM iter 1 |delta_C| nan t 12.63785405503586 [s]
INFO:yastn.yastn.tn.fpeps.envs._env_ctm_dist_mp:_update_core_T_ h [['cuda:0', 'cuda:3'], ['cuda:1'], ['cuda:2']] 
INFO:yastn.yastn.tn.fpeps.envs._env_ctm_dist_mp:_update_core_T_ v [['cuda:0', 'cuda:3'], ['cuda:1'], ['cuda:2']] 
INFO:root:Sweep = 002; max_diff_corner_singular_values = 1.49e-04
INFO:FixedPoint:CTM iter 2 |delta_C| 0.00014918721397218576 t 3.6827625778969377 [s]
INFO:yastn.yastn.tn.fpeps.envs._env_ctm_dist_mp:_update_core_T_ h [['cuda:0', 'cuda:3'], ['cuda:1'], ['cuda:2']] 
INFO:yastn.yastn.tn.fpeps.envs._env_ctm_dist_mp:_update_core_T_ v [['cuda:0', 'cuda:3'], ['cuda:1'], ['cuda:2']] 
INFO:root:Sweep = 003; max_diff_corner_singular_values = 5.15e-05
INFO:FixedPoint:CTM iter 3 |delta_C| 5.1548462078448714e-05 t 1.6147769170347601 [s]
INFO:yastn.yastn.tn.fpeps.envs._env_ctm_dist_mp:_update_core_T_ h [['cuda:0', 'cuda:3'], ['cuda:1'], ['cuda:2']] 
INFO:yastn.yastn.tn.fpeps.envs._env_ctm_dist_mp:_update_core_T_ v [['cuda:0', 'cuda:3'], ['cuda:1'], ['cuda:2']] 
INFO:root:Sweep = 004; max_diff_corner_singular_values = 3.11e-05
INFO:FixedPoint:CTM iter 4 |delta_C| 3.109318301992247e-05 t 1.6749328197911382 [s]
INFO:yastn.yastn.tn.fpeps.envs._env_ctm_dist_mp:_update_core_T_ h [['cuda:0', 'cuda:3'], ['cuda:1'], ['cuda:2']] 
INFO:yastn.yastn.tn.fpeps.envs._env_ctm_dist_mp:_update_core_T_ v [['cuda:0', 'cuda:3'], ['cuda:1'], ['cuda:2']] 
INFO:root:Sweep = 005; max_diff_corner_singular_values = 2.29e-05
INFO:FixedPoint:CTM iter 5 |delta_C| 2.2861892312718713e-05 t 1.6072873210068792 [s]
INFO:yastn.yastn.tn.fpeps.envs._env_ctm_dist_mp:_update_core_T_ h [['cuda:0', 'cuda:3'], ['cuda:1'], ['cuda:2']] 
INFO:yastn.yastn.tn.fpeps.envs._env_ctm_dist_mp:_update_core_T_ v [['cuda:0', 'cuda:3'], ['cuda:1'], ['cuda:2']] 
INFO:root:Sweep = 006; max_diff_corner_singular_values = 1.30e-05
INFO:FixedPoint:CTM iter 6 |delta_C| 1.296810271968545e-05 t 1.606043006060645 [s]
INFO:yastn.yastn.tn.fpeps.envs._env_ctm_dist_mp:_update_core_T_ h [['cuda:0', 'cuda:3'], ['cuda:1'], ['cuda:2']] 
INFO:yastn.yastn.tn.fpeps.envs._env_ctm_dist_mp:_update_core_T_ v [['cuda:0', 'cuda:3'], ['cuda:1'], ['cuda:2']] 
INFO:root:Sweep = 007; max_diff_corner_singular_values = 1.04e-05
INFO:FixedPoint:CTM iter 7 |delta_C| 1.0371108479162544e-05 t 1.610332251060754 [s]
INFO:yastn.yastn.tn.fpeps.envs._env_ctm_dist_mp:_update_core_T_ h [['cuda:0', 'cuda:3'], ['cuda:1'], ['cuda:2']] 
INFO:yastn.yastn.tn.fpeps.envs._env_ctm_dist_mp:_update_core_T_ v [['cuda:0', 'cuda:3'], ['cuda:1'], ['cuda:2']] 
INFO:root:Sweep = 008; max_diff_corner_singular_values = 5.84e-06
INFO:FixedPoint:CTM iter 8 |delta_C| 5.835458887101545e-06 t 1.6087171009276062 [s]
INFO:yastn.yastn.tn.fpeps.envs._env_ctm_dist_mp:_update_core_T_ h [['cuda:0', 'cuda:3'], ['cuda:1'], ['cuda:2']] 
INFO:yastn.yastn.tn.fpeps.envs._env_ctm_dist_mp:_update_core_T_ v [['cuda:0', 'cuda:3'], ['cuda:1'], ['cuda:2']] 
INFO:root:Sweep = 009; max_diff_corner_singular_values = 5.30e-06
INFO:FixedPoint:CTM iter 9 |delta_C| 5.29991751231969e-06 t 1.604587754001841 [s]
INFO:yastn.yastn.tn.fpeps.envs._env_ctm_dist_mp:_update_core_T_ h [['cuda:0', 'cuda:3'], ['cuda:1'], ['cuda:2']] 
INFO:yastn.yastn.tn.fpeps.envs._env_ctm_dist_mp:_update_core_T_ v [['cuda:0', 'cuda:3'], ['cuda:1'], ['cuda:2']] 
INFO:root:Sweep = 010; max_diff_corner_singular_values = 3.57e-06
INFO:FixedPoint:CTM iter 10 |delta_C| 3.5688033740955023e-06 t 1.6513824618887156 [s]
INFO:yastn.yastn.tn.fpeps.envs._env_ctm_dist_mp:_update_core_T_ h [['cuda:0', 'cuda:3'], ['cuda:1'], ['cuda:2']] 
INFO:yastn.yastn.tn.fpeps.envs._env_ctm_dist_mp:_update_core_T_ v [['cuda:0', 'cuda:3'], ['cuda:1'], ['cuda:2']] 
INFO:root:Sweep = 011; max_diff_corner_singular_values = 2.89e-06
INFO:FixedPoint:CTM iter 11 |delta_C| 2.8888840034780058e-06 t 1.6062441209796816 [s]
INFO:yastn.yastn.tn.fpeps.envs._env_ctm_dist_mp:_update_core_T_ h [['cuda:0', 'cuda:3'], ['cuda:1'], ['cuda:2']] 
INFO:yastn.yastn.tn.fpeps.envs._env_ctm_dist_mp:_update_core_T_ v [['cuda:0', 'cuda:3'], ['cuda:1'], ['cuda:2']] 
INFO:root:Sweep = 012; max_diff_corner_singular_values = 3.00e-06
INFO:FixedPoint:CTM iter 12 |delta_C| 2.999777517951144e-06 t 1.579734108876437 [s]
INFO:yastn.yastn.tn.fpeps.envs._env_ctm_dist_mp:_update_core_T_ h [['cuda:0', 'cuda:3'], ['cuda:1'], ['cuda:2']] 
INFO:yastn.yastn.tn.fpeps.envs._env_ctm_dist_mp:_update_core_T_ v [['cuda:0', 'cuda:3'], ['cuda:1'], ['cuda:2']] 
INFO:root:Sweep = 013; max_diff_corner_singular_values = 2.61e-06
INFO:FixedPoint:CTM iter 13 |delta_C| 2.6086771637596077e-06 t 1.672446558950469 [s]
INFO:yastn.yastn.tn.fpeps.envs._env_ctm_dist_mp:_update_core_T_ h [['cuda:0', 'cuda:3'], ['cuda:1'], ['cuda:2']] 
INFO:yastn.yastn.tn.fpeps.envs._env_ctm_dist_mp:_update_core_T_ v [['cuda:0', 'cuda:3'], ['cuda:1'], ['cuda:2']] 
INFO:root:Sweep = 014; max_diff_corner_singular_values = 2.55e-06
INFO:FixedPoint:CTM iter 14 |delta_C| 2.5490355026362504e-06 t 1.581044149119407 [s]
INFO:yastn.yastn.tn.fpeps.envs._env_ctm_dist_mp:_update_core_T_ h [['cuda:0', 'cuda:3'], ['cuda:1'], ['cuda:2']] 
INFO:yastn.yastn.tn.fpeps.envs._env_ctm_dist_mp:_update_core_T_ v [['cuda:0', 'cuda:3'], ['cuda:1'], ['cuda:2']] 
INFO:root:Sweep = 015; max_diff_corner_singular_values = 2.46e-06
INFO:FixedPoint:CTM iter 15 |delta_C| 2.4630224264709217e-06 t 1.5861534010618925 [s]
INFO:yastn.yastn.tn.fpeps.envs._env_ctm_dist_mp:_update_core_T_ h [['cuda:0', 'cuda:3'], ['cuda:1'], ['cuda:2']] 
INFO:yastn.yastn.tn.fpeps.envs._env_ctm_dist_mp:_update_core_T_ v [['cuda:0', 'cuda:3'], ['cuda:1'], ['cuda:2']] 
INFO:root:Sweep = 016; max_diff_corner_singular_values = 2.29e-06
INFO:FixedPoint:CTM iter 16 |delta_C| 2.2908872877230672e-06 t 1.57453881110996 [s]
INFO:yastn.yastn.tn.fpeps.envs._env_ctm_dist_mp:_update_core_T_ h [['cuda:0', 'cuda:3'], ['cuda:1'], ['cuda:2']] 
INFO:yastn.yastn.tn.fpeps.envs._env_ctm_dist_mp:_update_core_T_ v [['cuda:0', 'cuda:3'], ['cuda:1'], ['cuda:2']] 
INFO:root:Sweep = 017; max_diff_corner_singular_values = 2.16e-06
INFO:FixedPoint:CTM iter 17 |delta_C| 2.1588382655646603e-06 t 1.5787567300722003 [s]
INFO:yastn.yastn.tn.fpeps.envs._env_ctm_dist_mp:_update_core_T_ h [['cuda:0', 'cuda:3'], ['cuda:1'], ['cuda:2']] 
INFO:yastn.yastn.tn.fpeps.envs._env_ctm_dist_mp:_update_core_T_ v [['cuda:0', 'cuda:3'], ['cuda:1'], ['cuda:2']] 
INFO:root:Sweep = 018; max_diff_corner_singular_values = 2.10e-06
INFO:FixedPoint:CTM iter 18 |delta_C| 2.1048563607433333e-06 t 1.5739756268449128 [s]
INFO:yastn.yastn.tn.fpeps.envs._env_ctm_dist_mp:_update_core_T_ h [['cuda:0', 'cuda:3'], ['cuda:1'], ['cuda:2']] 
INFO:yastn.yastn.tn.fpeps.envs._env_ctm_dist_mp:_update_core_T_ v [['cuda:0', 'cuda:3'], ['cuda:1'], ['cuda:2']] 
INFO:root:Sweep = 019; max_diff_corner_singular_values = 1.96e-06
INFO:FixedPoint:CTM iter 19 |delta_C| 1.962715489097951e-06 t 1.579822425963357 [s]
INFO:yastn.yastn.tn.fpeps.envs._env_ctm_dist_mp:_update_core_T_ h [['cuda:0', 'cuda:3'], ['cuda:1'], ['cuda:2']] 
INFO:yastn.yastn.tn.fpeps.envs._env_ctm_dist_mp:_update_core_T_ v [['cuda:0', 'cuda:3'], ['cuda:1'], ['cuda:2']] 
INFO:root:Sweep = 020; max_diff_corner_singular_values = 1.85e-06
INFO:FixedPoint:CTM iter 20 |delta_C| 1.8514830679867153e-06 t 1.586273301858455 [s]
INFO:yastn.yastn.tn.fpeps.envs._env_ctm_dist_mp:_update_core_T_ h [['cuda:0', 'cuda:3'], ['cuda:1'], ['cuda:2']] 
INFO:yastn.yastn.tn.fpeps.envs._env_ctm_dist_mp:_update_core_T_ v [['cuda:0', 'cuda:3'], ['cuda:1'], ['cuda:2']] 
INFO:root:Sweep = 021; max_diff_corner_singular_values = 1.78e-06
INFO:FixedPoint:CTM iter 21 |delta_C| 1.7813887958235391e-06 t 1.6378139778971672 [s]
INFO:yastn.yastn.tn.fpeps.envs._env_ctm_dist_mp:_update_core_T_ h [['cuda:0', 'cuda:3'], ['cuda:1'], ['cuda:2']] 
INFO:yastn.yastn.tn.fpeps.envs._env_ctm_dist_mp:_update_core_T_ v [['cuda:0', 'cuda:3'], ['cuda:1'], ['cuda:2']] 
INFO:root:Sweep = 022; max_diff_corner_singular_values = 1.68e-06
INFO:FixedPoint:CTM iter 22 |delta_C| 1.6782449606969022e-06 t 1.6322915218770504 [s]
INFO:yastn.yastn.tn.fpeps.envs._env_ctm_dist_mp:_update_core_T_ h [['cuda:0', 'cuda:3'], ['cuda:1'], ['cuda:2']] 
INFO:yastn.yastn.tn.fpeps.envs._env_ctm_dist_mp:_update_core_T_ v [['cuda:0', 'cuda:3'], ['cuda:1'], ['cuda:2']] 
INFO:root:Sweep = 023; max_diff_corner_singular_values = 1.57e-06
INFO:FixedPoint:CTM iter 23 |delta_C| 1.574288368868213e-06 t 1.6667890341486782 [s]
INFO:yastn.yastn.tn.fpeps.envs._env_ctm_dist_mp:_update_core_T_ h [['cuda:0', 'cuda:3'], ['cuda:1'], ['cuda:2']] 
INFO:yastn.yastn.tn.fpeps.envs._env_ctm_dist_mp:_update_core_T_ v [['cuda:0', 'cuda:3'], ['cuda:1'], ['cuda:2']] 
INFO:root:Sweep = 024; max_diff_corner_singular_values = 1.51e-06
INFO:FixedPoint:CTM iter 24 |delta_C| 1.5062258623388414e-06 t 1.6000577800441533 [s]
INFO:yastn.yastn.tn.fpeps.envs._env_ctm_dist_mp:_update_core_T_ h [['cuda:0', 'cuda:3'], ['cuda:1'], ['cuda:2']] 
INFO:yastn.yastn.tn.fpeps.envs._env_ctm_dist_mp:_update_core_T_ v [['cuda:0', 'cuda:3'], ['cuda:1'], ['cuda:2']] 
INFO:root:Sweep = 025; max_diff_corner_singular_values = 1.42e-06
INFO:FixedPoint:CTM iter 25 |delta_C| 1.4233394266206757e-06 t 1.6383278178982437 [s]
INFO:yastn.yastn.tn.fpeps.envs._env_ctm_dist_mp:_update_core_T_ h [['cuda:0', 'cuda:3'], ['cuda:1'], ['cuda:2']] 
INFO:yastn.yastn.tn.fpeps.envs._env_ctm_dist_mp:_update_core_T_ v [['cuda:0', 'cuda:3'], ['cuda:1'], ['cuda:2']] 
INFO:root:Sweep = 026; max_diff_corner_singular_values = 1.33e-06
INFO:FixedPoint:CTM iter 26 |delta_C| 1.332935367508205e-06 t 1.674128748010844 [s]
INFO:yastn.yastn.tn.fpeps.envs._env_ctm_dist_mp:_update_core_T_ h [['cuda:0', 'cuda:3'], ['cuda:1'], ['cuda:2']] 
INFO:yastn.yastn.tn.fpeps.envs._env_ctm_dist_mp:_update_core_T_ v [['cuda:0', 'cuda:3'], ['cuda:1'], ['cuda:2']] 
INFO:root:Sweep = 027; max_diff_corner_singular_values = 1.27e-06
INFO:FixedPoint:CTM iter 27 |delta_C| 1.2687354178063085e-06 t 1.59102426096797 [s]
INFO:yastn.yastn.tn.fpeps.envs._env_ctm_dist_mp:_update_core_T_ h [['cuda:0', 'cuda:3'], ['cuda:1'], ['cuda:2']] 
INFO:yastn.yastn.tn.fpeps.envs._env_ctm_dist_mp:_update_core_T_ v [['cuda:0', 'cuda:3'], ['cuda:1'], ['cuda:2']] 
INFO:root:Sweep = 028; max_diff_corner_singular_values = 1.20e-06
INFO:FixedPoint:CTM iter 28 |delta_C| 1.201132803714396e-06 t 1.5939835000317544 [s]
INFO:yastn.yastn.tn.fpeps.envs._env_ctm_dist_mp:_update_core_T_ h [['cuda:0', 'cuda:3'], ['cuda:1'], ['cuda:2']] 
INFO:yastn.yastn.tn.fpeps.envs._env_ctm_dist_mp:_update_core_T_ v [['cuda:0', 'cuda:3'], ['cuda:1'], ['cuda:2']] 
INFO:root:Sweep = 029; max_diff_corner_singular_values = 1.12e-06
INFO:FixedPoint:CTM iter 29 |delta_C| 1.123534734223702e-06 t 2.4638572949916124 [s]
INFO:yastn.yastn.tn.fpeps.envs._env_ctm_dist_mp:_update_core_T_ h [['cuda:0', 'cuda:3'], ['cuda:1'], ['cuda:2']] 
INFO:yastn.yastn.tn.fpeps.envs._env_ctm_dist_mp:_update_core_T_ v [['cuda:0', 'cuda:3'], ['cuda:1'], ['cuda:2']] 
INFO:root:Sweep = 030; max_diff_corner_singular_values = 1.07e-06
INFO:FixedPoint:CTM iter 30 |delta_C| 1.0658397541838413e-06 t 1.5980128501541913 [s]
INFO:yastn.yastn.tn.fpeps.envs._env_ctm_dist_mp:_update_core_T_ h [['cuda:0', 'cuda:3'], ['cuda:1'], ['cuda:2']] 
INFO:yastn.yastn.tn.fpeps.envs._env_ctm_dist_mp:_update_core_T_ v [['cuda:0', 'cuda:3'], ['cuda:1'], ['cuda:2']] 
INFO:root:Sweep = 031; max_diff_corner_singular_values = 1.01e-06
INFO:FixedPoint:CTM iter 31 |delta_C| 1.0094930075485993e-06 t 1.5958506120368838 [s]
INFO:yastn.yastn.tn.fpeps.envs._env_ctm_dist_mp:_update_core_T_ h [['cuda:0', 'cuda:3'], ['cuda:1'], ['cuda:2']] 
INFO:yastn.yastn.tn.fpeps.envs._env_ctm_dist_mp:_update_core_T_ v [['cuda:0', 'cuda:3'], ['cuda:1'], ['cuda:2']] 
INFO:root:Sweep = 032; max_diff_corner_singular_values = 9.44e-07
INFO:FixedPoint:CTM iter 32 |delta_C| 9.439569037258922e-07 t 1.6039535021409392 [s]
INFO:yastn.yastn.tn.fpeps.envs._env_ctm_dist_mp:_update_core_T_ h [['cuda:0', 'cuda:3'], ['cuda:1'], ['cuda:2']] 
INFO:yastn.yastn.tn.fpeps.envs._env_ctm_dist_mp:_update_core_T_ v [['cuda:0', 'cuda:3'], ['cuda:1'], ['cuda:2']] 
INFO:root:Sweep = 033; max_diff_corner_singular_values = 8.93e-07
INFO:FixedPoint:CTM iter 33 |delta_C| 8.93321667359931e-07 t 1.6183871310204268 [s]
INFO:yastn.yastn.tn.fpeps.envs._env_ctm_dist_mp:_update_core_T_ h [['cuda:0', 'cuda:3'], ['cuda:1'], ['cuda:2']] 
INFO:yastn.yastn.tn.fpeps.envs._env_ctm_dist_mp:_update_core_T_ v [['cuda:0', 'cuda:3'], ['cuda:1'], ['cuda:2']] 
INFO:root:Sweep = 034; max_diff_corner_singular_values = 8.46e-07
INFO:FixedPoint:CTM iter 34 |delta_C| 8.459883118938458e-07 t 1.678121206117794 [s]
INFO:yastn.yastn.tn.fpeps.envs._env_ctm_dist_mp:_update_core_T_ h [['cuda:0', 'cuda:3'], ['cuda:1'], ['cuda:2']] 
INFO:yastn.yastn.tn.fpeps.envs._env_ctm_dist_mp:_update_core_T_ v [['cuda:0', 'cuda:3'], ['cuda:1'], ['cuda:2']] 
INFO:root:Sweep = 035; max_diff_corner_singular_values = 7.91e-07
INFO:FixedPoint:CTM iter 35 |delta_C| 7.910969626409395e-07 t 1.6432041509542614 [s]
INFO:yastn.yastn.tn.fpeps.envs._env_ctm_dist_mp:_update_core_T_ h [['cuda:0', 'cuda:3'], ['cuda:1'], ['cuda:2']] 
INFO:yastn.yastn.tn.fpeps.envs._env_ctm_dist_mp:_update_core_T_ v [['cuda:0', 'cuda:3'], ['cuda:1'], ['cuda:2']] 
INFO:root:Sweep = 036; max_diff_corner_singular_values = 7.47e-07
INFO:FixedPoint:CTM iter 36 |delta_C| 7.47410658526139e-07 t 1.6386256341356784 [s]
INFO:yastn.yastn.tn.fpeps.envs._env_ctm_dist_mp:_update_core_T_ h [['cuda:0', 'cuda:3'], ['cuda:1'], ['cuda:2']] 
INFO:yastn.yastn.tn.fpeps.envs._env_ctm_dist_mp:_update_core_T_ v [['cuda:0', 'cuda:3'], ['cuda:1'], ['cuda:2']] 
INFO:root:Sweep = 037; max_diff_corner_singular_values = 7.07e-07
INFO:FixedPoint:CTM iter 37 |delta_C| 7.074885614111064e-07 t 1.6346735931001604 [s]
INFO:yastn.yastn.tn.fpeps.envs._env_ctm_dist_mp:_update_core_T_ h [['cuda:0', 'cuda:3'], ['cuda:1'], ['cuda:2']] 
INFO:yastn.yastn.tn.fpeps.envs._env_ctm_dist_mp:_update_core_T_ v [['cuda:0', 'cuda:3'], ['cuda:1'], ['cuda:2']] 
INFO:root:Sweep = 038; max_diff_corner_singular_values = 6.62e-07
INFO:FixedPoint:CTM iter 38 |delta_C| 6.617757896898096e-07 t 1.6381159541197121 [s]
INFO:yastn.yastn.tn.fpeps.envs._env_ctm_dist_mp:_update_core_T_ h [['cuda:0', 'cuda:3'], ['cuda:1'], ['cuda:2']] 
INFO:yastn.yastn.tn.fpeps.envs._env_ctm_dist_mp:_update_core_T_ v [['cuda:0', 'cuda:3'], ['cuda:1'], ['cuda:2']] 
INFO:root:Sweep = 039; max_diff_corner_singular_values = 6.24e-07
INFO:FixedPoint:CTM iter 39 |delta_C| 6.244954420739478e-07 t 1.6451392290182412 [s]
INFO:yastn.yastn.tn.fpeps.envs._env_ctm_dist_mp:_update_core_T_ h [['cuda:0', 'cuda:3'], ['cuda:1'], ['cuda:2']] 
INFO:yastn.yastn.tn.fpeps.envs._env_ctm_dist_mp:_update_core_T_ v [['cuda:0', 'cuda:3'], ['cuda:1'], ['cuda:2']] 
INFO:root:Sweep = 040; max_diff_corner_singular_values = 5.91e-07
INFO:FixedPoint:CTM iter 40 |delta_C| 5.907965408344312e-07 t 1.6206656978465617 [s]
INFO:yastn.yastn.tn.fpeps.envs._env_ctm_dist_mp:_update_core_T_ h [['cuda:0', 'cuda:3'], ['cuda:1'], ['cuda:2']] 
INFO:yastn.yastn.tn.fpeps.envs._env_ctm_dist_mp:_update_core_T_ v [['cuda:0', 'cuda:3'], ['cuda:1'], ['cuda:2']] 
INFO:root:Sweep = 041; max_diff_corner_singular_values = 5.53e-07
INFO:FixedPoint:CTM iter 41 |delta_C| 5.528565380536522e-07 t 1.6417595550883561 [s]
INFO:yastn.yastn.tn.fpeps.envs._env_ctm_dist_mp:_update_core_T_ h [['cuda:0', 'cuda:3'], ['cuda:1'], ['cuda:2']] 
INFO:yastn.yastn.tn.fpeps.envs._env_ctm_dist_mp:_update_core_T_ v [['cuda:0', 'cuda:3'], ['cuda:1'], ['cuda:2']] 
INFO:root:Sweep = 042; max_diff_corner_singular_values = 5.21e-07
INFO:FixedPoint:CTM iter 42 |delta_C| 5.212806877465378e-07 t 1.6892287409864366 [s]
INFO:yastn.yastn.tn.fpeps.envs._env_ctm_dist_mp:_update_core_T_ h [['cuda:0', 'cuda:3'], ['cuda:1'], ['cuda:2']] 
INFO:yastn.yastn.tn.fpeps.envs._env_ctm_dist_mp:_update_core_T_ v [['cuda:0', 'cuda:3'], ['cuda:1'], ['cuda:2']] 
INFO:root:Sweep = 043; max_diff_corner_singular_values = 4.93e-07
INFO:FixedPoint:CTM iter 43 |delta_C| 4.928494688331511e-07 t 1.6456384458579123 [s]
INFO:yastn.yastn.tn.fpeps.envs._env_ctm_dist_mp:_update_core_T_ h [['cuda:0', 'cuda:3'], ['cuda:1'], ['cuda:2']] 
INFO:yastn.yastn.tn.fpeps.envs._env_ctm_dist_mp:_update_core_T_ v [['cuda:0', 'cuda:3'], ['cuda:1'], ['cuda:2']] 
INFO:root:Sweep = 044; max_diff_corner_singular_values = 4.61e-07
INFO:FixedPoint:CTM iter 44 |delta_C| 4.6142359911701225e-07 t 1.6475787069648504 [s]
INFO:yastn.yastn.tn.fpeps.envs._env_ctm_dist_mp:_update_core_T_ h [['cuda:0', 'cuda:3'], ['cuda:1'], ['cuda:2']] 
INFO:yastn.yastn.tn.fpeps.envs._env_ctm_dist_mp:_update_core_T_ v [['cuda:0', 'cuda:3'], ['cuda:1'], ['cuda:2']] 
INFO:root:Sweep = 045; max_diff_corner_singular_values = 4.35e-07
INFO:FixedPoint:CTM iter 45 |delta_C| 4.348162201435413e-07 t 1.6185233311261982 [s]
INFO:yastn.yastn.tn.fpeps.envs._env_ctm_dist_mp:_update_core_T_ h [['cuda:0', 'cuda:3'], ['cuda:1'], ['cuda:2']] 
INFO:yastn.yastn.tn.fpeps.envs._env_ctm_dist_mp:_update_core_T_ v [['cuda:0', 'cuda:3'], ['cuda:1'], ['cuda:2']] 
INFO:root:Sweep = 046; max_diff_corner_singular_values = 4.11e-07
INFO:FixedPoint:CTM iter 46 |delta_C| 4.1085675603739465e-07 t 1.626056383131072 [s]
INFO:yastn.yastn.tn.fpeps.envs._env_ctm_dist_mp:_update_core_T_ h [['cuda:0', 'cuda:3'], ['cuda:1'], ['cuda:2']] 
INFO:yastn.yastn.tn.fpeps.envs._env_ctm_dist_mp:_update_core_T_ v [['cuda:0', 'cuda:3'], ['cuda:1'], ['cuda:2']] 
INFO:root:Sweep = 047; max_diff_corner_singular_values = 3.85e-07
INFO:FixedPoint:CTM iter 47 |delta_C| 3.848537519346173e-07 t 1.6187972428742796 [s]
INFO:yastn.yastn.tn.fpeps.envs._env_ctm_dist_mp:_update_core_T_ h [['cuda:0', 'cuda:3'], ['cuda:1'], ['cuda:2']] 
INFO:yastn.yastn.tn.fpeps.envs._env_ctm_dist_mp:_update_core_T_ v [['cuda:0', 'cuda:3'], ['cuda:1'], ['cuda:2']] 
INFO:root:Sweep = 048; max_diff_corner_singular_values = 3.63e-07
INFO:FixedPoint:CTM iter 48 |delta_C| 3.6251171818761035e-07 t 1.6210640871431679 [s]
INFO:yastn.yastn.tn.fpeps.envs._env_ctm_dist_mp:_update_core_T_ h [['cuda:0', 'cuda:3'], ['cuda:1'], ['cuda:2']] 
INFO:yastn.yastn.tn.fpeps.envs._env_ctm_dist_mp:_update_core_T_ v [['cuda:0', 'cuda:3'], ['cuda:1'], ['cuda:2']] 
INFO:root:Sweep = 049; max_diff_corner_singular_values = 3.42e-07
INFO:FixedPoint:CTM iter 49 |delta_C| 3.4234863195511075e-07 t 1.6098098028451204 [s]
INFO:yastn.yastn.tn.fpeps.envs._env_ctm_dist_mp:_update_core_T_ h [['cuda:0', 'cuda:3'], ['cuda:1'], ['cuda:2']] 
INFO:yastn.yastn.tn.fpeps.envs._env_ctm_dist_mp:_update_core_T_ v [['cuda:0', 'cuda:3'], ['cuda:1'], ['cuda:2']] 
INFO:root:Sweep = 050; max_diff_corner_singular_values = 3.21e-07
INFO:FixedPoint:CTM iter 50 |delta_C| 3.2084082899744984e-07 t 1.6258270770777017 [s]
INFO:yastn.yastn.tn.fpeps.envs._env_ctm_dist_mp:_update_core_T_ h [['cuda:0', 'cuda:3'], ['cuda:1'], ['cuda:2']] 
INFO:yastn.yastn.tn.fpeps.envs._env_ctm_dist_mp:_update_core_T_ v [['cuda:0', 'cuda:3'], ['cuda:1'], ['cuda:2']] 
INFO:root:Sweep = 051; max_diff_corner_singular_values = 3.02e-07
INFO:FixedPoint:CTM iter 51 |delta_C| 3.021261267804845e-07 t 1.6271259190980345 [s]
INFO:yastn.yastn.tn.fpeps.envs._env_ctm_dist_mp:_update_core_T_ h [['cuda:0', 'cuda:3'], ['cuda:1'], ['cuda:2']] 
INFO:yastn.yastn.tn.fpeps.envs._env_ctm_dist_mp:_update_core_T_ v [['cuda:0', 'cuda:3'], ['cuda:1'], ['cuda:2']] 
INFO:root:Sweep = 052; max_diff_corner_singular_values = 2.85e-07
INFO:FixedPoint:CTM iter 52 |delta_C| 2.8518115178828365e-07 t 1.6274010450579226 [s]
INFO:yastn.yastn.tn.fpeps.envs._env_ctm_dist_mp:_update_core_T_ h [['cuda:0', 'cuda:3'], ['cuda:1'], ['cuda:2']] 
INFO:yastn.yastn.tn.fpeps.envs._env_ctm_dist_mp:_update_core_T_ v [['cuda:0', 'cuda:3'], ['cuda:1'], ['cuda:2']] 
INFO:root:Sweep = 053; max_diff_corner_singular_values = 2.67e-07
INFO:FixedPoint:CTM iter 53 |delta_C| 2.673907868336658e-07 t 1.618032817961648 [s]
INFO:yastn.yastn.tn.fpeps.envs._env_ctm_dist_mp:_update_core_T_ h [['cuda:0', 'cuda:3'], ['cuda:1'], ['cuda:2']] 
INFO:yastn.yastn.tn.fpeps.envs._env_ctm_dist_mp:_update_core_T_ v [['cuda:0', 'cuda:3'], ['cuda:1'], ['cuda:2']] 
INFO:root:Sweep = 054; max_diff_corner_singular_values = 2.52e-07
INFO:FixedPoint:CTM iter 54 |delta_C| 2.5174145091322653e-07 t 1.6146130489651114 [s]
INFO:yastn.yastn.tn.fpeps.envs._env_ctm_dist_mp:_update_core_T_ h [['cuda:0', 'cuda:3'], ['cuda:1'], ['cuda:2']] 
INFO:yastn.yastn.tn.fpeps.envs._env_ctm_dist_mp:_update_core_T_ v [['cuda:0', 'cuda:3'], ['cuda:1'], ['cuda:2']] 
INFO:root:Sweep = 055; max_diff_corner_singular_values = 2.38e-07
INFO:FixedPoint:CTM iter 55 |delta_C| 2.375187147964292e-07 t 1.6038528319913894 [s]
INFO:yastn.yastn.tn.fpeps.envs._env_ctm_dist_mp:_update_core_T_ h [['cuda:0', 'cuda:3'], ['cuda:1'], ['cuda:2']] 
INFO:yastn.yastn.tn.fpeps.envs._env_ctm_dist_mp:_update_core_T_ v [['cuda:0', 'cuda:3'], ['cuda:1'], ['cuda:2']] 
INFO:root:Sweep = 056; max_diff_corner_singular_values = 2.23e-07
INFO:FixedPoint:CTM iter 56 |delta_C| 2.2279895606168508e-07 t 1.6169332680292428 [s]
INFO:yastn.yastn.tn.fpeps.envs._env_ctm_dist_mp:_update_core_T_ h [['cuda:0', 'cuda:3'], ['cuda:1'], ['cuda:2']] 
INFO:yastn.yastn.tn.fpeps.envs._env_ctm_dist_mp:_update_core_T_ v [['cuda:0', 'cuda:3'], ['cuda:1'], ['cuda:2']] 
INFO:root:Sweep = 057; max_diff_corner_singular_values = 2.10e-07
INFO:FixedPoint:CTM iter 57 |delta_C| 2.0972806710068846e-07 t 1.6212200161535293 [s]
INFO:yastn.yastn.tn.fpeps.envs._env_ctm_dist_mp:_update_core_T_ h [['cuda:0', 'cuda:3'], ['cuda:1'], ['cuda:2']] 
INFO:yastn.yastn.tn.fpeps.envs._env_ctm_dist_mp:_update_core_T_ v [['cuda:0', 'cuda:3'], ['cuda:1'], ['cuda:2']] 
INFO:root:Sweep = 058; max_diff_corner_singular_values = 1.98e-07
INFO:FixedPoint:CTM iter 58 |delta_C| 1.9780357867718608e-07 t 1.6193563300184906 [s]
INFO:yastn.yastn.tn.fpeps.envs._env_ctm_dist_mp:_update_core_T_ h [['cuda:0', 'cuda:3'], ['cuda:1'], ['cuda:2']] 
INFO:yastn.yastn.tn.fpeps.envs._env_ctm_dist_mp:_update_core_T_ v [['cuda:0', 'cuda:3'], ['cuda:1'], ['cuda:2']] 
INFO:root:Sweep = 059; max_diff_corner_singular_values = 1.86e-07
INFO:FixedPoint:CTM iter 59 |delta_C| 1.8561919115466715e-07 t 1.7104514900129288 [s]
INFO:yastn.yastn.tn.fpeps.envs._env_ctm_dist_mp:_update_core_T_ h [['cuda:0', 'cuda:3'], ['cuda:1'], ['cuda:2']] 
INFO:yastn.yastn.tn.fpeps.envs._env_ctm_dist_mp:_update_core_T_ v [['cuda:0', 'cuda:3'], ['cuda:1'], ['cuda:2']] 
INFO:root:Sweep = 060; max_diff_corner_singular_values = 1.75e-07
INFO:FixedPoint:CTM iter 60 |delta_C| 1.7471111743789982e-07 t 1.7371919921133667 [s]
INFO:yastn.yastn.tn.fpeps.envs._env_ctm_dist_mp:_update_core_T_ h [['cuda:0', 'cuda:3'], ['cuda:1'], ['cuda:2']] 
INFO:yastn.yastn.tn.fpeps.envs._env_ctm_dist_mp:_update_core_T_ v [['cuda:0', 'cuda:3'], ['cuda:1'], ['cuda:2']] 
INFO:root:Sweep = 061; max_diff_corner_singular_values = 1.65e-07
INFO:FixedPoint:CTM iter 61 |delta_C| 1.6472290075095315e-07 t 1.6309257720131427 [s]
INFO:yastn.yastn.tn.fpeps.envs._env_ctm_dist_mp:_update_core_T_ h [['cuda:0', 'cuda:3'], ['cuda:1'], ['cuda:2']] 
INFO:yastn.yastn.tn.fpeps.envs._env_ctm_dist_mp:_update_core_T_ v [['cuda:0', 'cuda:3'], ['cuda:1'], ['cuda:2']] 
INFO:root:Sweep = 062; max_diff_corner_singular_values = 1.55e-07
INFO:FixedPoint:CTM iter 62 |delta_C| 1.5463183380566948e-07 t 1.6681619549635798 [s]
INFO:yastn.yastn.tn.fpeps.envs._env_ctm_dist_mp:_update_core_T_ h [['cuda:0', 'cuda:3'], ['cuda:1'], ['cuda:2']] 
INFO:yastn.yastn.tn.fpeps.envs._env_ctm_dist_mp:_update_core_T_ v [['cuda:0', 'cuda:3'], ['cuda:1'], ['cuda:2']] 
INFO:root:Sweep = 063; max_diff_corner_singular_values = 1.46e-07
INFO:FixedPoint:CTM iter 63 |delta_C| 1.4553391860199903e-07 t 1.629466743208468 [s]
INFO:yastn.yastn.tn.fpeps.envs._env_ctm_dist_mp:_update_core_T_ h [['cuda:0', 'cuda:3'], ['cuda:1'], ['cuda:2']] 
INFO:yastn.yastn.tn.fpeps.envs._env_ctm_dist_mp:_update_core_T_ v [['cuda:0', 'cuda:3'], ['cuda:1'], ['cuda:2']] 
INFO:root:Sweep = 064; max_diff_corner_singular_values = 1.37e-07
INFO:FixedPoint:CTM iter 64 |delta_C| 1.371745247442797e-07 t 1.6235562020447105 [s]
INFO:yastn.yastn.tn.fpeps.envs._env_ctm_dist_mp:_update_core_T_ h [['cuda:0', 'cuda:3'], ['cuda:1'], ['cuda:2']] 
INFO:yastn.yastn.tn.fpeps.envs._env_ctm_dist_mp:_update_core_T_ v [['cuda:0', 'cuda:3'], ['cuda:1'], ['cuda:2']] 
INFO:root:Sweep = 065; max_diff_corner_singular_values = 1.29e-07
INFO:FixedPoint:CTM iter 65 |delta_C| 1.2881262344192447e-07 t 1.5952385640703142 [s]
INFO:yastn.yastn.tn.fpeps.envs._env_ctm_dist_mp:_update_core_T_ h [['cuda:0', 'cuda:3'], ['cuda:1'], ['cuda:2']] 
INFO:yastn.yastn.tn.fpeps.envs._env_ctm_dist_mp:_update_core_T_ v [['cuda:0', 'cuda:3'], ['cuda:1'], ['cuda:2']] 
INFO:root:Sweep = 066; max_diff_corner_singular_values = 1.21e-07
INFO:FixedPoint:CTM iter 66 |delta_C| 1.212271273228039e-07 t 1.6231265510432422 [s]
INFO:yastn.yastn.tn.fpeps.envs._env_ctm_dist_mp:_update_core_T_ h [['cuda:0', 'cuda:3'], ['cuda:1'], ['cuda:2']] 
INFO:yastn.yastn.tn.fpeps.envs._env_ctm_dist_mp:_update_core_T_ v [['cuda:0', 'cuda:3'], ['cuda:1'], ['cuda:2']] 
INFO:root:Sweep = 067; max_diff_corner_singular_values = 1.14e-07
INFO:FixedPoint:CTM iter 67 |delta_C| 1.1423621366006571e-07 t 1.6161125551443547 [s]
INFO:yastn.yastn.tn.fpeps.envs._env_ctm_dist_mp:_update_core_T_ h [['cuda:0', 'cuda:3'], ['cuda:1'], ['cuda:2']] 
INFO:yastn.yastn.tn.fpeps.envs._env_ctm_dist_mp:_update_core_T_ v [['cuda:0', 'cuda:3'], ['cuda:1'], ['cuda:2']] 
INFO:root:Sweep = 068; max_diff_corner_singular_values = 1.07e-07
INFO:FixedPoint:CTM iter 68 |delta_C| 1.0730299968769181e-07 t 1.6183005860075355 [s]
INFO:yastn.yastn.tn.fpeps.envs._env_ctm_dist_mp:_update_core_T_ h [['cuda:0', 'cuda:3'], ['cuda:1'], ['cuda:2']] 
INFO:yastn.yastn.tn.fpeps.envs._env_ctm_dist_mp:_update_core_T_ v [['cuda:0', 'cuda:3'], ['cuda:1'], ['cuda:2']] 
INFO:root:Sweep = 069; max_diff_corner_singular_values = 1.01e-07
INFO:FixedPoint:CTM iter 69 |delta_C| 1.0098072447651411e-07 t 1.6121336359065026 [s]
INFO:yastn.yastn.tn.fpeps.envs._env_ctm_dist_mp:_update_core_T_ h [['cuda:0', 'cuda:3'], ['cuda:1'], ['cuda:2']] 
INFO:yastn.yastn.tn.fpeps.envs._env_ctm_dist_mp:_update_core_T_ v [['cuda:0', 'cuda:3'], ['cuda:1'], ['cuda:2']] 
INFO:root:Sweep = 070; max_diff_corner_singular_values = 9.51e-08
INFO:FixedPoint:CTM iter 70 |delta_C| 9.513726703170838e-08 t 1.5909430459141731 [s]
INFO:yastn.yastn.tn.fpeps.envs._env_ctm_dist_mp:_update_core_T_ h [['cuda:0', 'cuda:3'], ['cuda:1'], ['cuda:2']] 
INFO:yastn.yastn.tn.fpeps.envs._env_ctm_dist_mp:_update_core_T_ v [['cuda:0', 'cuda:3'], ['cuda:1'], ['cuda:2']] 
INFO:root:Sweep = 071; max_diff_corner_singular_values = 8.94e-08
INFO:FixedPoint:CTM iter 71 |delta_C| 8.938610356917769e-08 t 1.6187473239842802 [s]
INFO:yastn.yastn.tn.fpeps.envs._env_ctm_dist_mp:_update_core_T_ h [['cuda:0', 'cuda:3'], ['cuda:1'], ['cuda:2']] 
INFO:yastn.yastn.tn.fpeps.envs._env_ctm_dist_mp:_update_core_T_ v [['cuda:0', 'cuda:3'], ['cuda:1'], ['cuda:2']] 
INFO:root:Sweep = 072; max_diff_corner_singular_values = 8.41e-08
INFO:FixedPoint:CTM iter 72 |delta_C| 8.411718656354075e-08 t 1.6125940699130297 [s]
INFO:yastn.yastn.tn.fpeps.envs._env_ctm_dist_mp:_update_core_T_ h [['cuda:0', 'cuda:3'], ['cuda:1'], ['cuda:2']] 
INFO:yastn.yastn.tn.fpeps.envs._env_ctm_dist_mp:_update_core_T_ v [['cuda:0', 'cuda:3'], ['cuda:1'], ['cuda:2']] 
INFO:root:Sweep = 073; max_diff_corner_singular_values = 7.92e-08
INFO:FixedPoint:CTM iter 73 |delta_C| 7.923560605432146e-08 t 1.6061790969688445 [s]
INFO:yastn.yastn.tn.fpeps.envs._env_ctm_dist_mp:_update_core_T_ h [['cuda:0', 'cuda:3'], ['cuda:1'], ['cuda:2']] 
INFO:yastn.yastn.tn.fpeps.envs._env_ctm_dist_mp:_update_core_T_ v [['cuda:0', 'cuda:3'], ['cuda:1'], ['cuda:2']] 
INFO:root:Sweep = 074; max_diff_corner_singular_values = 7.45e-08
INFO:FixedPoint:CTM iter 74 |delta_C| 7.446228316081662e-08 t 1.6153794259298593 [s]
INFO:yastn.yastn.tn.fpeps.envs._env_ctm_dist_mp:_update_core_T_ h [['cuda:0', 'cuda:3'], ['cuda:1'], ['cuda:2']] 
INFO:yastn.yastn.tn.fpeps.envs._env_ctm_dist_mp:_update_core_T_ v [['cuda:0', 'cuda:3'], ['cuda:1'], ['cuda:2']] 
INFO:root:Sweep = 075; max_diff_corner_singular_values = 7.01e-08
INFO:FixedPoint:CTM iter 75 |delta_C| 7.007189048502656e-08 t 1.6170510880183429 [s]
INFO:yastn.yastn.tn.fpeps.envs._env_ctm_dist_mp:_update_core_T_ h [['cuda:0', 'cuda:3'], ['cuda:1'], ['cuda:2']] 
INFO:yastn.yastn.tn.fpeps.envs._env_ctm_dist_mp:_update_core_T_ v [['cuda:0', 'cuda:3'], ['cuda:1'], ['cuda:2']] 
INFO:root:Sweep = 076; max_diff_corner_singular_values = 6.60e-08
INFO:FixedPoint:CTM iter 76 |delta_C| 6.599589528229057e-08 t 1.601476231124252 [s]
INFO:yastn.yastn.tn.fpeps.envs._env_ctm_dist_mp:_update_core_T_ h [['cuda:0', 'cuda:3'], ['cuda:1'], ['cuda:2']] 
INFO:yastn.yastn.tn.fpeps.envs._env_ctm_dist_mp:_update_core_T_ v [['cuda:0', 'cuda:3'], ['cuda:1'], ['cuda:2']] 
INFO:root:Sweep = 077; max_diff_corner_singular_values = 6.20e-08
INFO:FixedPoint:CTM iter 77 |delta_C| 6.203202503443969e-08 t 1.6925053449813277 [s]
INFO:yastn.yastn.tn.fpeps.envs._env_ctm_dist_mp:_update_core_T_ h [['cuda:0', 'cuda:3'], ['cuda:1'], ['cuda:2']] 
INFO:yastn.yastn.tn.fpeps.envs._env_ctm_dist_mp:_update_core_T_ v [['cuda:0', 'cuda:3'], ['cuda:1'], ['cuda:2']] 
INFO:root:Sweep = 078; max_diff_corner_singular_values = 5.84e-08
INFO:FixedPoint:CTM iter 78 |delta_C| 5.8374361849610736e-08 t 1.702277913922444 [s]
INFO:yastn.yastn.tn.fpeps.envs._env_ctm_dist_mp:_update_core_T_ h [['cuda:0', 'cuda:3'], ['cuda:1'], ['cuda:2']] 
INFO:yastn.yastn.tn.fpeps.envs._env_ctm_dist_mp:_update_core_T_ v [['cuda:0', 'cuda:3'], ['cuda:1'], ['cuda:2']] 
INFO:root:Sweep = 079; max_diff_corner_singular_values = 5.50e-08
INFO:FixedPoint:CTM iter 79 |delta_C| 5.4971732158078806e-08 t 1.6634854888543487 [s]
INFO:yastn.yastn.tn.fpeps.envs._env_ctm_dist_mp:_update_core_T_ h [['cuda:0', 'cuda:3'], ['cuda:1'], ['cuda:2']] 
INFO:yastn.yastn.tn.fpeps.envs._env_ctm_dist_mp:_update_core_T_ v [['cuda:0', 'cuda:3'], ['cuda:1'], ['cuda:2']] 
INFO:root:Sweep = 080; max_diff_corner_singular_values = 5.17e-08
INFO:FixedPoint:CTM iter 80 |delta_C| 5.167892821672756e-08 t 1.626481682062149 [s]
INFO:yastn.yastn.tn.fpeps.envs._env_ctm_dist_mp:_update_core_T_ h [['cuda:0', 'cuda:3'], ['cuda:1'], ['cuda:2']] 
INFO:yastn.yastn.tn.fpeps.envs._env_ctm_dist_mp:_update_core_T_ v [['cuda:0', 'cuda:3'], ['cuda:1'], ['cuda:2']] 
INFO:root:Sweep = 081; max_diff_corner_singular_values = 4.86e-08
INFO:FixedPoint:CTM iter 81 |delta_C| 4.863196670582085e-08 t 1.6164028190542012 [s]
INFO:yastn.yastn.tn.fpeps.envs._env_ctm_dist_mp:_update_core_T_ h [['cuda:0', 'cuda:3'], ['cuda:1'], ['cuda:2']] 
INFO:yastn.yastn.tn.fpeps.envs._env_ctm_dist_mp:_update_core_T_ v [['cuda:0', 'cuda:3'], ['cuda:1'], ['cuda:2']] 
INFO:root:Sweep = 082; max_diff_corner_singular_values = 4.58e-08
INFO:FixedPoint:CTM iter 82 |delta_C| 4.579221509330481e-08 t 1.6757606698665768 [s]
INFO:yastn.yastn.tn.fpeps.envs._env_ctm_dist_mp:_update_core_T_ h [['cuda:0', 'cuda:3'], ['cuda:1'], ['cuda:2']] 
INFO:yastn.yastn.tn.fpeps.envs._env_ctm_dist_mp:_update_core_T_ v [['cuda:0', 'cuda:3'], ['cuda:1'], ['cuda:2']] 
INFO:root:Sweep = 083; max_diff_corner_singular_values = 4.31e-08
INFO:FixedPoint:CTM iter 83 |delta_C| 4.305596957028475e-08 t 1.5877499899361283 [s]
INFO:yastn.yastn.tn.fpeps.envs._env_ctm_dist_mp:_update_core_T_ h [['cuda:0', 'cuda:3'], ['cuda:1'], ['cuda:2']] 
INFO:yastn.yastn.tn.fpeps.envs._env_ctm_dist_mp:_update_core_T_ v [['cuda:0', 'cuda:3'], ['cuda:1'], ['cuda:2']] 
INFO:root:Sweep = 084; max_diff_corner_singular_values = 4.05e-08
INFO:FixedPoint:CTM iter 84 |delta_C| 4.0517440974832953e-08 t 1.6074062909465283 [s]
INFO:yastn.yastn.tn.fpeps.envs._env_ctm_dist_mp:_update_core_T_ h [['cuda:0', 'cuda:3'], ['cuda:1'], ['cuda:2']] 
INFO:yastn.yastn.tn.fpeps.envs._env_ctm_dist_mp:_update_core_T_ v [['cuda:0', 'cuda:3'], ['cuda:1'], ['cuda:2']] 
INFO:root:Sweep = 085; max_diff_corner_singular_values = 3.81e-08
INFO:FixedPoint:CTM iter 85 |delta_C| 3.814846293986946e-08 t 1.624592203879729 [s]
INFO:yastn.yastn.tn.fpeps.envs._env_ctm_dist_mp:_update_core_T_ h [['cuda:0', 'cuda:3'], ['cuda:1'], ['cuda:2']] 
INFO:yastn.yastn.tn.fpeps.envs._env_ctm_dist_mp:_update_core_T_ v [['cuda:0', 'cuda:3'], ['cuda:1'], ['cuda:2']] 
INFO:root:Sweep = 086; max_diff_corner_singular_values = 3.59e-08
INFO:FixedPoint:CTM iter 86 |delta_C| 3.587386751201412e-08 t 1.617487170966342 [s]
INFO:yastn.yastn.tn.fpeps.envs._env_ctm_dist_mp:_update_core_T_ h [['cuda:0', 'cuda:3'], ['cuda:1'], ['cuda:2']] 
INFO:yastn.yastn.tn.fpeps.envs._env_ctm_dist_mp:_update_core_T_ v [['cuda:0', 'cuda:3'], ['cuda:1'], ['cuda:2']] 
INFO:root:Sweep = 087; max_diff_corner_singular_values = 3.38e-08
INFO:FixedPoint:CTM iter 87 |delta_C| 3.375883305970858e-08 t 1.614885457092896 [s]
INFO:yastn.yastn.tn.fpeps.envs._env_ctm_dist_mp:_update_core_T_ h [['cuda:0', 'cuda:3'], ['cuda:1'], ['cuda:2']] 
INFO:yastn.yastn.tn.fpeps.envs._env_ctm_dist_mp:_update_core_T_ v [['cuda:0', 'cuda:3'], ['cuda:1'], ['cuda:2']] 
INFO:root:Sweep = 088; max_diff_corner_singular_values = 3.18e-08
INFO:FixedPoint:CTM iter 88 |delta_C| 3.178290049006104e-08 t 1.6111400660593063 [s]
INFO:yastn.yastn.tn.fpeps.envs._env_ctm_dist_mp:_update_core_T_ h [['cuda:0', 'cuda:3'], ['cuda:1'], ['cuda:2']] 
INFO:yastn.yastn.tn.fpeps.envs._env_ctm_dist_mp:_update_core_T_ v [['cuda:0', 'cuda:3'], ['cuda:1'], ['cuda:2']] 
INFO:root:Sweep = 089; max_diff_corner_singular_values = 2.99e-08
INFO:FixedPoint:CTM iter 89 |delta_C| 2.989154424463408e-08 t 1.61382104200311 [s]
INFO:yastn.yastn.tn.fpeps.envs._env_ctm_dist_mp:_update_core_T_ h [['cuda:0', 'cuda:3'], ['cuda:1'], ['cuda:2']] 
INFO:yastn.yastn.tn.fpeps.envs._env_ctm_dist_mp:_update_core_T_ v [['cuda:0', 'cuda:3'], ['cuda:1'], ['cuda:2']] 
INFO:root:Sweep = 090; max_diff_corner_singular_values = 2.81e-08
INFO:FixedPoint:CTM iter 90 |delta_C| 2.8129743611798572e-08 t 1.5984306910540909 [s]
INFO:yastn.yastn.tn.fpeps.envs._env_ctm_dist_mp:_update_core_T_ h [['cuda:0', 'cuda:3'], ['cuda:1'], ['cuda:2']] 
INFO:yastn.yastn.tn.fpeps.envs._env_ctm_dist_mp:_update_core_T_ v [['cuda:0', 'cuda:3'], ['cuda:1'], ['cuda:2']] 
INFO:root:Sweep = 091; max_diff_corner_singular_values = 2.65e-08
INFO:FixedPoint:CTM iter 91 |delta_C| 2.6481740546193653e-08 t 1.6038540150038898 [s]
INFO:yastn.yastn.tn.fpeps.envs._env_ctm_dist_mp:_update_core_T_ h [['cuda:0', 'cuda:3'], ['cuda:1'], ['cuda:2']] 
INFO:yastn.yastn.tn.fpeps.envs._env_ctm_dist_mp:_update_core_T_ v [['cuda:0', 'cuda:3'], ['cuda:1'], ['cuda:2']] 
INFO:root:Sweep = 092; max_diff_corner_singular_values = 2.49e-08
INFO:FixedPoint:CTM iter 92 |delta_C| 2.4908552933147483e-08 t 1.689612410031259 [s]
INFO:yastn.yastn.tn.fpeps.envs._env_ctm_dist_mp:_update_core_T_ h [['cuda:0', 'cuda:3'], ['cuda:1'], ['cuda:2']] 
INFO:yastn.yastn.tn.fpeps.envs._env_ctm_dist_mp:_update_core_T_ v [['cuda:0', 'cuda:3'], ['cuda:1'], ['cuda:2']] 
INFO:root:Sweep = 093; max_diff_corner_singular_values = 2.34e-08
INFO:FixedPoint:CTM iter 93 |delta_C| 2.3440861871056175e-08 t 1.6497414261102676 [s]
INFO:yastn.yastn.tn.fpeps.envs._env_ctm_dist_mp:_update_core_T_ h [['cuda:0', 'cuda:3'], ['cuda:1'], ['cuda:2']] 
INFO:yastn.yastn.tn.fpeps.envs._env_ctm_dist_mp:_update_core_T_ v [['cuda:0', 'cuda:3'], ['cuda:1'], ['cuda:2']] 
INFO:root:Sweep = 094; max_diff_corner_singular_values = 2.21e-08
INFO:FixedPoint:CTM iter 94 |delta_C| 2.2066735093295547e-08 t 1.6317348021548241 [s]
INFO:yastn.yastn.tn.fpeps.envs._env_ctm_dist_mp:_update_core_T_ h [['cuda:0', 'cuda:3'], ['cuda:1'], ['cuda:2']] 
INFO:yastn.yastn.tn.fpeps.envs._env_ctm_dist_mp:_update_core_T_ v [['cuda:0', 'cuda:3'], ['cuda:1'], ['cuda:2']] 
INFO:root:Sweep = 095; max_diff_corner_singular_values = 2.08e-08
INFO:FixedPoint:CTM iter 95 |delta_C| 2.0757828784995627e-08 t 1.6492534400895238 [s]
INFO:yastn.yastn.tn.fpeps.envs._env_ctm_dist_mp:_update_core_T_ h [['cuda:0', 'cuda:3'], ['cuda:1'], ['cuda:2']] 
INFO:yastn.yastn.tn.fpeps.envs._env_ctm_dist_mp:_update_core_T_ v [['cuda:0', 'cuda:3'], ['cuda:1'], ['cuda:2']] 
INFO:root:Sweep = 096; max_diff_corner_singular_values = 1.95e-08
INFO:FixedPoint:CTM iter 96 |delta_C| 1.953515098446415e-08 t 1.6527461980003864 [s]
INFO:yastn.yastn.tn.fpeps.envs._env_ctm_dist_mp:_update_core_T_ h [['cuda:0', 'cuda:3'], ['cuda:1'], ['cuda:2']] 
INFO:yastn.yastn.tn.fpeps.envs._env_ctm_dist_mp:_update_core_T_ v [['cuda:0', 'cuda:3'], ['cuda:1'], ['cuda:2']] 
INFO:root:Sweep = 097; max_diff_corner_singular_values = 1.84e-08
INFO:FixedPoint:CTM iter 97 |delta_C| 1.838942646843817e-08 t 1.603522313060239 [s]
INFO:yastn.yastn.tn.fpeps.envs._env_ctm_dist_mp:_update_core_T_ h [['cuda:0', 'cuda:3'], ['cuda:1'], ['cuda:2']] 
INFO:yastn.yastn.tn.fpeps.envs._env_ctm_dist_mp:_update_core_T_ v [['cuda:0', 'cuda:3'], ['cuda:1'], ['cuda:2']] 
INFO:root:Sweep = 098; max_diff_corner_singular_values = 1.73e-08
INFO:FixedPoint:CTM iter 98 |delta_C| 1.7300232041989793e-08 t 1.7583777820691466 [s]
INFO:yastn.yastn.tn.fpeps.envs._env_ctm_dist_mp:_update_core_T_ h [['cuda:0', 'cuda:3'], ['cuda:1'], ['cuda:2']] 
INFO:yastn.yastn.tn.fpeps.envs._env_ctm_dist_mp:_update_core_T_ v [['cuda:0', 'cuda:3'], ['cuda:1'], ['cuda:2']] 
INFO:root:Sweep = 099; max_diff_corner_singular_values = 1.63e-08
INFO:FixedPoint:CTM iter 99 |delta_C| 1.628158465906095e-08 t 1.6509298691526055 [s]
INFO:yastn.yastn.tn.fpeps.envs._env_ctm_dist_mp:_update_core_T_ h [['cuda:0', 'cuda:3'], ['cuda:1'], ['cuda:2']] 
INFO:yastn.yastn.tn.fpeps.envs._env_ctm_dist_mp:_update_core_T_ v [['cuda:0', 'cuda:3'], ['cuda:1'], ['cuda:2']] 
INFO:root:Sweep = 100; max_diff_corner_singular_values = 1.53e-08
INFO:FixedPoint:CTM iter 100 |delta_C| 1.5326529567936618e-08 t 1.6317609769757837 [s]
INFO:yastn.yastn.tn.fpeps.envs._env_ctm_dist_mp:_update_core_T_ h [['cuda:0', 'cuda:3'], ['cuda:1'], ['cuda:2']] 
INFO:yastn.yastn.tn.fpeps.envs._env_ctm_dist_mp:_update_core_T_ v [['cuda:0', 'cuda:3'], ['cuda:1'], ['cuda:2']] 
INFO:root:Sweep = 101; max_diff_corner_singular_values = 1.44e-08
INFO:FixedPoint:CTM iter 101 |delta_C| 1.4419910020136189e-08 t 1.6300372539553791 [s]
INFO:yastn.yastn.tn.fpeps.envs._env_ctm_dist_mp:_update_core_T_ h [['cuda:0', 'cuda:3'], ['cuda:1'], ['cuda:2']] 
INFO:yastn.yastn.tn.fpeps.envs._env_ctm_dist_mp:_update_core_T_ v [['cuda:0', 'cuda:3'], ['cuda:1'], ['cuda:2']] 
INFO:root:Sweep = 102; max_diff_corner_singular_values = 1.36e-08
INFO:FixedPoint:CTM iter 102 |delta_C| 1.3571276504706706e-08 t 1.6397620788775384 [s]
INFO:yastn.yastn.tn.fpeps.envs._env_ctm_dist_mp:_update_core_T_ h [['cuda:0', 'cuda:3'], ['cuda:1'], ['cuda:2']] 
INFO:yastn.yastn.tn.fpeps.envs._env_ctm_dist_mp:_update_core_T_ v [['cuda:0', 'cuda:3'], ['cuda:1'], ['cuda:2']] 
INFO:root:Sweep = 103; max_diff_corner_singular_values = 1.28e-08
INFO:FixedPoint:CTM iter 103 |delta_C| 1.2775094606555286e-08 t 1.6328752478584647 [s]
INFO:yastn.yastn.tn.fpeps.envs._env_ctm_dist_mp:_update_core_T_ h [['cuda:0', 'cuda:3'], ['cuda:1'], ['cuda:2']] 
INFO:yastn.yastn.tn.fpeps.envs._env_ctm_dist_mp:_update_core_T_ v [['cuda:0', 'cuda:3'], ['cuda:1'], ['cuda:2']] 
INFO:root:Sweep = 104; max_diff_corner_singular_values = 1.20e-08
INFO:FixedPoint:CTM iter 104 |delta_C| 1.2020353710393319e-08 t 1.6162556228227913 [s]
INFO:yastn.yastn.tn.fpeps.envs._env_ctm_dist_mp:_update_core_T_ h [['cuda:0', 'cuda:3'], ['cuda:1'], ['cuda:2']] 
INFO:yastn.yastn.tn.fpeps.envs._env_ctm_dist_mp:_update_core_T_ v [['cuda:0', 'cuda:3'], ['cuda:1'], ['cuda:2']] 
INFO:root:Sweep = 105; max_diff_corner_singular_values = 1.13e-08
INFO:FixedPoint:CTM iter 105 |delta_C| 1.1313407166360701e-08 t 1.604934141971171 [s]
INFO:yastn.yastn.tn.fpeps.envs._env_ctm_dist_mp:_update_core_T_ h [['cuda:0', 'cuda:3'], ['cuda:1'], ['cuda:2']] 
INFO:yastn.yastn.tn.fpeps.envs._env_ctm_dist_mp:_update_core_T_ v [['cuda:0', 'cuda:3'], ['cuda:1'], ['cuda:2']] 
INFO:root:Sweep = 106; max_diff_corner_singular_values = 1.06e-08
INFO:FixedPoint:CTM iter 106 |delta_C| 1.0649420250872977e-08 t 1.6145134691614658 [s]
INFO:yastn.yastn.tn.fpeps.envs._env_ctm_dist_mp:_update_core_T_ h [['cuda:0', 'cuda:3'], ['cuda:1'], ['cuda:2']] 
INFO:yastn.yastn.tn.fpeps.envs._env_ctm_dist_mp:_update_core_T_ v [['cuda:0', 'cuda:3'], ['cuda:1'], ['cuda:2']] 
INFO:root:Sweep = 107; max_diff_corner_singular_values = 1.00e-08
INFO:FixedPoint:CTM iter 107 |delta_C| 1.0021234209985538e-08 t 1.6250423649325967 [s]
INFO:yastn.yastn.tn.fpeps.envs._env_ctm_dist_mp:_update_core_T_ h [['cuda:0', 'cuda:3'], ['cuda:1'], ['cuda:2']] 
INFO:yastn.yastn.tn.fpeps.envs._env_ctm_dist_mp:_update_core_T_ v [['cuda:0', 'cuda:3'], ['cuda:1'], ['cuda:2']] 
INFO:root:Sweep = 108; max_diff_corner_singular_values = 9.43e-09
INFO:FixedPoint:CTM iter 108 |delta_C| 9.432081009774263e-09 t 1.7018053201027215 [s]
INFO:yastn.yastn.tn.fpeps.envs._env_ctm_dist_mp:_update_core_T_ h [['cuda:0', 'cuda:3'], ['cuda:1'], ['cuda:2']] 
INFO:yastn.yastn.tn.fpeps.envs._env_ctm_dist_mp:_update_core_T_ v [['cuda:0', 'cuda:3'], ['cuda:1'], ['cuda:2']] 
INFO:root:Sweep = 109; max_diff_corner_singular_values = 8.88e-09
INFO:FixedPoint:CTM iter 109 |delta_C| 8.878791434429472e-09 t 1.6171929398551583 [s]
INFO:yastn.yastn.tn.fpeps.envs._env_ctm_dist_mp:_update_core_T_ h [['cuda:0', 'cuda:3'], ['cuda:1'], ['cuda:2']] 
INFO:yastn.yastn.tn.fpeps.envs._env_ctm_dist_mp:_update_core_T_ v [['cuda:0', 'cuda:3'], ['cuda:1'], ['cuda:2']] 
INFO:root:Sweep = 110; max_diff_corner_singular_values = 8.36e-09
INFO:FixedPoint:CTM iter 110 |delta_C| 8.355498775355128e-09 t 1.6159189941827208 [s]
INFO:yastn.yastn.tn.fpeps.envs._env_ctm_dist_mp:_update_core_T_ h [['cuda:0', 'cuda:3'], ['cuda:1'], ['cuda:2']] 
INFO:yastn.yastn.tn.fpeps.envs._env_ctm_dist_mp:_update_core_T_ v [['cuda:0', 'cuda:3'], ['cuda:1'], ['cuda:2']] 
INFO:root:Sweep = 111; max_diff_corner_singular_values = 7.86e-09
INFO:FixedPoint:CTM iter 111 |delta_C| 7.864782767250245e-09 t 1.6101993590127677 [s]
INFO:yastn.yastn.tn.fpeps.envs._env_ctm_dist_mp:_update_core_T_ h [['cuda:0', 'cuda:3'], ['cuda:1'], ['cuda:2']] 
INFO:yastn.yastn.tn.fpeps.envs._env_ctm_dist_mp:_update_core_T_ v [['cuda:0', 'cuda:3'], ['cuda:1'], ['cuda:2']] 
INFO:root:Sweep = 112; max_diff_corner_singular_values = 7.40e-09
INFO:FixedPoint:CTM iter 112 |delta_C| 7.403381925471619e-09 t 1.6292949870694429 [s]
INFO:yastn.yastn.tn.fpeps.envs._env_ctm_dist_mp:_update_core_T_ h [['cuda:0', 'cuda:3'], ['cuda:1'], ['cuda:2']] 
INFO:yastn.yastn.tn.fpeps.envs._env_ctm_dist_mp:_update_core_T_ v [['cuda:0', 'cuda:3'], ['cuda:1'], ['cuda:2']] 
INFO:root:Sweep = 113; max_diff_corner_singular_values = 6.97e-09
INFO:FixedPoint:CTM iter 113 |delta_C| 6.967735304997759e-09 t 1.6549138179980218 [s]
INFO:yastn.yastn.tn.fpeps.envs._env_ctm_dist_mp:_update_core_T_ h [['cuda:0', 'cuda:3'], ['cuda:1'], ['cuda:2']] 
INFO:yastn.yastn.tn.fpeps.envs._env_ctm_dist_mp:_update_core_T_ v [['cuda:0', 'cuda:3'], ['cuda:1'], ['cuda:2']] 
INFO:root:Sweep = 114; max_diff_corner_singular_values = 6.56e-09
INFO:FixedPoint:CTM iter 114 |delta_C| 6.5585618794422626e-09 t 1.6306407148949802 [s]
INFO:yastn.yastn.tn.fpeps.envs._env_ctm_dist_mp:_update_core_T_ h [['cuda:0', 'cuda:3'], ['cuda:1'], ['cuda:2']] 
INFO:yastn.yastn.tn.fpeps.envs._env_ctm_dist_mp:_update_core_T_ v [['cuda:0', 'cuda:3'], ['cuda:1'], ['cuda:2']] 
INFO:root:Sweep = 115; max_diff_corner_singular_values = 6.17e-09
INFO:FixedPoint:CTM iter 115 |delta_C| 6.174237392695091e-09 t 1.6210390930064023 [s]
INFO:yastn.yastn.tn.fpeps.envs._env_ctm_dist_mp:_update_core_T_ h [['cuda:0', 'cuda:3'], ['cuda:1'], ['cuda:2']] 
INFO:yastn.yastn.tn.fpeps.envs._env_ctm_dist_mp:_update_core_T_ v [['cuda:0', 'cuda:3'], ['cuda:1'], ['cuda:2']] 
INFO:root:Sweep = 116; max_diff_corner_singular_values = 5.81e-09
INFO:FixedPoint:CTM iter 116 |delta_C| 5.81107029644513e-09 t 1.6246637180447578 [s]
INFO:yastn.yastn.tn.fpeps.envs._env_ctm_dist_mp:_update_core_T_ h [['cuda:0', 'cuda:3'], ['cuda:1'], ['cuda:2']] 
INFO:yastn.yastn.tn.fpeps.envs._env_ctm_dist_mp:_update_core_T_ v [['cuda:0', 'cuda:3'], ['cuda:1'], ['cuda:2']] 
INFO:root:Sweep = 117; max_diff_corner_singular_values = 5.47e-09
INFO:FixedPoint:CTM iter 117 |delta_C| 5.470242763972247e-09 t 1.629010461969301 [s]
INFO:yastn.yastn.tn.fpeps.envs._env_ctm_dist_mp:_update_core_T_ h [['cuda:0', 'cuda:3'], ['cuda:1'], ['cuda:2']] 
INFO:yastn.yastn.tn.fpeps.envs._env_ctm_dist_mp:_update_core_T_ v [['cuda:0', 'cuda:3'], ['cuda:1'], ['cuda:2']] 
INFO:root:Sweep = 118; max_diff_corner_singular_values = 5.15e-09
INFO:FixedPoint:CTM iter 118 |delta_C| 5.149699728307685e-09 t 1.6312111939769238 [s]
INFO:yastn.yastn.tn.fpeps.envs._env_ctm_dist_mp:_update_core_T_ h [['cuda:0', 'cuda:3'], ['cuda:1'], ['cuda:2']] 
INFO:yastn.yastn.tn.fpeps.envs._env_ctm_dist_mp:_update_core_T_ v [['cuda:0', 'cuda:3'], ['cuda:1'], ['cuda:2']] 
INFO:root:Sweep = 119; max_diff_corner_singular_values = 4.85e-09
INFO:FixedPoint:CTM iter 119 |delta_C| 4.847493350375979e-09 t 1.6239173719659448 [s]
INFO:yastn.yastn.tn.fpeps.envs._env_ctm_dist_mp:_update_core_T_ h [['cuda:0', 'cuda:3'], ['cuda:1'], ['cuda:2']] 
INFO:yastn.yastn.tn.fpeps.envs._env_ctm_dist_mp:_update_core_T_ v [['cuda:0', 'cuda:3'], ['cuda:1'], ['cuda:2']] 
INFO:root:Sweep = 120; max_diff_corner_singular_values = 4.56e-09
INFO:FixedPoint:CTM iter 120 |delta_C| 4.563089970529366e-09 t 1.622248400002718 [s]
INFO:yastn.yastn.tn.fpeps.envs._env_ctm_dist_mp:_update_core_T_ h [['cuda:0', 'cuda:3'], ['cuda:1'], ['cuda:2']] 
INFO:yastn.yastn.tn.fpeps.envs._env_ctm_dist_mp:_update_core_T_ v [['cuda:0', 'cuda:3'], ['cuda:1'], ['cuda:2']] 
INFO:root:Sweep = 121; max_diff_corner_singular_values = 4.30e-09
INFO:FixedPoint:CTM iter 121 |delta_C| 4.296128239181937e-09 t 1.6219792559277266 [s]
INFO:yastn.yastn.tn.fpeps.envs._env_ctm_dist_mp:_update_core_T_ h [['cuda:0', 'cuda:3'], ['cuda:1'], ['cuda:2']] 
INFO:yastn.yastn.tn.fpeps.envs._env_ctm_dist_mp:_update_core_T_ v [['cuda:0', 'cuda:3'], ['cuda:1'], ['cuda:2']] 
INFO:root:Sweep = 122; max_diff_corner_singular_values = 4.04e-09
INFO:FixedPoint:CTM iter 122 |delta_C| 4.044077402504949e-09 t 1.5948950089514256 [s]
INFO:yastn.yastn.tn.fpeps.envs._env_ctm_dist_mp:_update_core_T_ h [['cuda:0', 'cuda:3'], ['cuda:1'], ['cuda:2']] 
INFO:yastn.yastn.tn.fpeps.envs._env_ctm_dist_mp:_update_core_T_ v [['cuda:0', 'cuda:3'], ['cuda:1'], ['cuda:2']] 
INFO:root:Sweep = 123; max_diff_corner_singular_values = 3.81e-09
INFO:FixedPoint:CTM iter 123 |delta_C| 3.8072021632582135e-09 t 1.6595279481261969 [s]
INFO:yastn.yastn.tn.fpeps.envs._env_ctm_dist_mp:_update_core_T_ h [['cuda:0', 'cuda:3'], ['cuda:1'], ['cuda:2']] 
INFO:yastn.yastn.tn.fpeps.envs._env_ctm_dist_mp:_update_core_T_ v [['cuda:0', 'cuda:3'], ['cuda:1'], ['cuda:2']] 
INFO:root:Sweep = 124; max_diff_corner_singular_values = 3.58e-09
INFO:FixedPoint:CTM iter 124 |delta_C| 3.5844332947597567e-09 t 1.6167664900422096 [s]
INFO:yastn.yastn.tn.fpeps.envs._env_ctm_dist_mp:_update_core_T_ h [['cuda:0', 'cuda:3'], ['cuda:1'], ['cuda:2']] 
INFO:yastn.yastn.tn.fpeps.envs._env_ctm_dist_mp:_update_core_T_ v [['cuda:0', 'cuda:3'], ['cuda:1'], ['cuda:2']] 
INFO:root:Sweep = 125; max_diff_corner_singular_values = 3.37e-09
INFO:FixedPoint:CTM iter 125 |delta_C| 3.3745655597707923e-09 t 1.5903181568719447 [s]
INFO:yastn.yastn.tn.fpeps.envs._env_ctm_dist_mp:_update_core_T_ h [['cuda:0', 'cuda:3'], ['cuda:1'], ['cuda:2']] 
INFO:yastn.yastn.tn.fpeps.envs._env_ctm_dist_mp:_update_core_T_ v [['cuda:0', 'cuda:3'], ['cuda:1'], ['cuda:2']] 
INFO:root:Sweep = 126; max_diff_corner_singular_values = 3.18e-09
INFO:FixedPoint:CTM iter 126 |delta_C| 3.1771835313047746e-09 t 1.582247783895582 [s]
INFO:yastn.yastn.tn.fpeps.envs._env_ctm_dist_mp:_update_core_T_ h [['cuda:0', 'cuda:3'], ['cuda:1'], ['cuda:2']] 
INFO:yastn.yastn.tn.fpeps.envs._env_ctm_dist_mp:_update_core_T_ v [['cuda:0', 'cuda:3'], ['cuda:1'], ['cuda:2']] 
INFO:root:Sweep = 127; max_diff_corner_singular_values = 2.99e-09
INFO:FixedPoint:CTM iter 127 |delta_C| 2.9914535087026604e-09 t 1.5949237099848688 [s]
INFO:yastn.yastn.tn.fpeps.envs._env_ctm_dist_mp:_update_core_T_ h [['cuda:0', 'cuda:3'], ['cuda:1'], ['cuda:2']] 
INFO:yastn.yastn.tn.fpeps.envs._env_ctm_dist_mp:_update_core_T_ v [['cuda:0', 'cuda:3'], ['cuda:1'], ['cuda:2']] 
INFO:root:Sweep = 128; max_diff_corner_singular_values = 2.82e-09
INFO:FixedPoint:CTM iter 128 |delta_C| 2.816403432041771e-09 t 1.634981860872358 [s]
INFO:yastn.yastn.tn.fpeps.envs._env_ctm_dist_mp:_update_core_T_ h [['cuda:0', 'cuda:3'], ['cuda:1'], ['cuda:2']] 
INFO:yastn.yastn.tn.fpeps.envs._env_ctm_dist_mp:_update_core_T_ v [['cuda:0', 'cuda:3'], ['cuda:1'], ['cuda:2']] 
INFO:root:Sweep = 129; max_diff_corner_singular_values = 2.65e-09
INFO:FixedPoint:CTM iter 129 |delta_C| 2.6517826758534636e-09 t 1.6355504831299186 [s]
INFO:yastn.yastn.tn.fpeps.envs._env_ctm_dist_mp:_update_core_T_ h [['cuda:0', 'cuda:3'], ['cuda:1'], ['cuda:2']] 
INFO:yastn.yastn.tn.fpeps.envs._env_ctm_dist_mp:_update_core_T_ v [['cuda:0', 'cuda:3'], ['cuda:1'], ['cuda:2']] 
INFO:root:Sweep = 130; max_diff_corner_singular_values = 2.50e-09
INFO:FixedPoint:CTM iter 130 |delta_C| 2.4967747959772905e-09 t 1.6169763710349798 [s]
INFO:yastn.yastn.tn.fpeps.envs._env_ctm_dist_mp:_update_core_T_ h [['cuda:0', 'cuda:3'], ['cuda:1'], ['cuda:2']] 
INFO:yastn.yastn.tn.fpeps.envs._env_ctm_dist_mp:_update_core_T_ v [['cuda:0', 'cuda:3'], ['cuda:1'], ['cuda:2']] 
INFO:root:Sweep = 131; max_diff_corner_singular_values = 2.35e-09
INFO:FixedPoint:CTM iter 131 |delta_C| 2.3511680731361024e-09 t 1.5835335690062493 [s]
INFO:yastn.yastn.tn.fpeps.envs._env_ctm_dist_mp:_update_core_T_ h [['cuda:0', 'cuda:3'], ['cuda:1'], ['cuda:2']] 
INFO:yastn.yastn.tn.fpeps.envs._env_ctm_dist_mp:_update_core_T_ v [['cuda:0', 'cuda:3'], ['cuda:1'], ['cuda:2']] 
INFO:root:Sweep = 132; max_diff_corner_singular_values = 2.21e-09
INFO:FixedPoint:CTM iter 132 |delta_C| 2.213726679702369e-09 t 1.5883935128804296 [s]
INFO:yastn.yastn.tn.fpeps.envs._env_ctm_dist_mp:_update_core_T_ h [['cuda:0', 'cuda:3'], ['cuda:1'], ['cuda:2']] 
INFO:yastn.yastn.tn.fpeps.envs._env_ctm_dist_mp:_update_core_T_ v [['cuda:0', 'cuda:3'], ['cuda:1'], ['cuda:2']] 
INFO:root:Sweep = 133; max_diff_corner_singular_values = 2.08e-09
INFO:FixedPoint:CTM iter 133 |delta_C| 2.0846863632013346e-09 t 1.5932960170321167 [s]
INFO:yastn.yastn.tn.fpeps.envs._env_ctm_dist_mp:_update_core_T_ h [['cuda:0', 'cuda:3'], ['cuda:1'], ['cuda:2']] 
INFO:yastn.yastn.tn.fpeps.envs._env_ctm_dist_mp:_update_core_T_ v [['cuda:0', 'cuda:3'], ['cuda:1'], ['cuda:2']] 
INFO:root:Sweep = 134; max_diff_corner_singular_values = 1.96e-09
INFO:FixedPoint:CTM iter 134 |delta_C| 1.963158752817676e-09 t 1.5813977299258113 [s]
INFO:yastn.yastn.tn.fpeps.envs._env_ctm_dist_mp:_update_core_T_ h [['cuda:0', 'cuda:3'], ['cuda:1'], ['cuda:2']] 
INFO:yastn.yastn.tn.fpeps.envs._env_ctm_dist_mp:_update_core_T_ v [['cuda:0', 'cuda:3'], ['cuda:1'], ['cuda:2']] 
INFO:root:Sweep = 135; max_diff_corner_singular_values = 1.85e-09
INFO:FixedPoint:CTM iter 135 |delta_C| 1.8485622638088208e-09 t 1.591718306997791 [s]
INFO:yastn.yastn.tn.fpeps.envs._env_ctm_dist_mp:_update_core_T_ h [['cuda:0', 'cuda:3'], ['cuda:1'], ['cuda:2']] 
INFO:yastn.yastn.tn.fpeps.envs._env_ctm_dist_mp:_update_core_T_ v [['cuda:0', 'cuda:3'], ['cuda:1'], ['cuda:2']] 
INFO:root:Sweep = 136; max_diff_corner_singular_values = 1.74e-09
INFO:FixedPoint:CTM iter 136 |delta_C| 1.7409541214817208e-09 t 1.5866687351372093 [s]
INFO:yastn.yastn.tn.fpeps.envs._env_ctm_dist_mp:_update_core_T_ h [['cuda:0', 'cuda:3'], ['cuda:1'], ['cuda:2']] 
INFO:yastn.yastn.tn.fpeps.envs._env_ctm_dist_mp:_update_core_T_ v [['cuda:0', 'cuda:3'], ['cuda:1'], ['cuda:2']] 
INFO:root:Sweep = 137; max_diff_corner_singular_values = 1.64e-09
INFO:FixedPoint:CTM iter 137 |delta_C| 1.6394175007368295e-09 t 1.5946196881122887 [s]
INFO:yastn.yastn.tn.fpeps.envs._env_ctm_dist_mp:_update_core_T_ h [['cuda:0', 'cuda:3'], ['cuda:1'], ['cuda:2']] 
INFO:yastn.yastn.tn.fpeps.envs._env_ctm_dist_mp:_update_core_T_ v [['cuda:0', 'cuda:3'], ['cuda:1'], ['cuda:2']] 
INFO:root:Sweep = 138; max_diff_corner_singular_values = 1.54e-09
INFO:FixedPoint:CTM iter 138 |delta_C| 1.5440388253216132e-09 t 1.7471658049616963 [s]
INFO:yastn.yastn.tn.fpeps.envs._env_ctm_dist_mp:_update_core_T_ h [['cuda:0', 'cuda:3'], ['cuda:1'], ['cuda:2']] 
INFO:yastn.yastn.tn.fpeps.envs._env_ctm_dist_mp:_update_core_T_ v [['cuda:0', 'cuda:3'], ['cuda:1'], ['cuda:2']] 
INFO:root:Sweep = 139; max_diff_corner_singular_values = 1.45e-09
INFO:FixedPoint:CTM iter 139 |delta_C| 1.4541984301550069e-09 t 1.66873809392564 [s]
INFO:yastn.yastn.tn.fpeps.envs._env_ctm_dist_mp:_update_core_T_ h [['cuda:0', 'cuda:3'], ['cuda:1'], ['cuda:2']] 
INFO:yastn.yastn.tn.fpeps.envs._env_ctm_dist_mp:_update_core_T_ v [['cuda:0', 'cuda:3'], ['cuda:1'], ['cuda:2']] 
INFO:root:Sweep = 140; max_diff_corner_singular_values = 1.37e-09
INFO:FixedPoint:CTM iter 140 |delta_C| 1.3696133804850574e-09 t 1.5987252260092646 [s]
INFO:yastn.yastn.tn.fpeps.envs._env_ctm_dist_mp:_update_core_T_ h [['cuda:0', 'cuda:3'], ['cuda:1'], ['cuda:2']] 
INFO:yastn.yastn.tn.fpeps.envs._env_ctm_dist_mp:_update_core_T_ v [['cuda:0', 'cuda:3'], ['cuda:1'], ['cuda:2']] 
INFO:root:Sweep = 141; max_diff_corner_singular_values = 1.29e-09
INFO:FixedPoint:CTM iter 141 |delta_C| 1.2900137263956583e-09 t 1.6078476619441062 [s]
INFO:yastn.yastn.tn.fpeps.envs._env_ctm_dist_mp:_update_core_T_ h [['cuda:0', 'cuda:3'], ['cuda:1'], ['cuda:2']] 
INFO:yastn.yastn.tn.fpeps.envs._env_ctm_dist_mp:_update_core_T_ v [['cuda:0', 'cuda:3'], ['cuda:1'], ['cuda:2']] 
INFO:root:Sweep = 142; max_diff_corner_singular_values = 1.22e-09
INFO:FixedPoint:CTM iter 142 |delta_C| 1.215034095468889e-09 t 1.629635402932763 [s]
INFO:yastn.yastn.tn.fpeps.envs._env_ctm_dist_mp:_update_core_T_ h [['cuda:0', 'cuda:3'], ['cuda:1'], ['cuda:2']] 
INFO:yastn.yastn.tn.fpeps.envs._env_ctm_dist_mp:_update_core_T_ v [['cuda:0', 'cuda:3'], ['cuda:1'], ['cuda:2']] 
INFO:root:Sweep = 143; max_diff_corner_singular_values = 1.14e-09
INFO:FixedPoint:CTM iter 143 |delta_C| 1.1444084495297272e-09 t 1.6031675511039793 [s]
INFO:yastn.yastn.tn.fpeps.envs._env_ctm_dist_mp:_update_core_T_ h [['cuda:0', 'cuda:3'], ['cuda:1'], ['cuda:2']] 
INFO:yastn.yastn.tn.fpeps.envs._env_ctm_dist_mp:_update_core_T_ v [['cuda:0', 'cuda:3'], ['cuda:1'], ['cuda:2']] 
INFO:root:Sweep = 144; max_diff_corner_singular_values = 1.08e-09
INFO:FixedPoint:CTM iter 144 |delta_C| 1.0780996358650807e-09 t 1.6345879209693521 [s]
INFO:yastn.yastn.tn.fpeps.envs._env_ctm_dist_mp:_update_core_T_ h [['cuda:0', 'cuda:3'], ['cuda:1'], ['cuda:2']] 
INFO:yastn.yastn.tn.fpeps.envs._env_ctm_dist_mp:_update_core_T_ v [['cuda:0', 'cuda:3'], ['cuda:1'], ['cuda:2']] 
INFO:root:Sweep = 145; max_diff_corner_singular_values = 1.02e-09
INFO:FixedPoint:CTM iter 145 |delta_C| 1.0155716977693242e-09 t 1.6626689699478447 [s]
INFO:yastn.yastn.tn.fpeps.envs._env_ctm_dist_mp:_update_core_T_ h [['cuda:0', 'cuda:3'], ['cuda:1'], ['cuda:2']] 
INFO:yastn.yastn.tn.fpeps.envs._env_ctm_dist_mp:_update_core_T_ v [['cuda:0', 'cuda:3'], ['cuda:1'], ['cuda:2']] 
INFO:root:Sweep = 146; max_diff_corner_singular_values = 9.57e-10
INFO:FixedPoint:CTM iter 146 |delta_C| 9.566100114201567e-10 t 1.6800557910464704 [s]
INFO:yastn.yastn.tn.fpeps.envs._env_ctm_dist_mp:_update_core_T_ h [['cuda:0', 'cuda:3'], ['cuda:1'], ['cuda:2']] 
INFO:yastn.yastn.tn.fpeps.envs._env_ctm_dist_mp:_update_core_T_ v [['cuda:0', 'cuda:3'], ['cuda:1'], ['cuda:2']] 
INFO:root:Sweep = 147; max_diff_corner_singular_values = 9.01e-10
INFO:FixedPoint:CTM iter 147 |delta_C| 9.012339060438965e-10 t 1.630880868062377 [s]
INFO:yastn.yastn.tn.fpeps.envs._env_ctm_dist_mp:_update_core_T_ h [['cuda:0', 'cuda:3'], ['cuda:1'], ['cuda:2']] 
INFO:yastn.yastn.tn.fpeps.envs._env_ctm_dist_mp:_update_core_T_ v [['cuda:0', 'cuda:3'], ['cuda:1'], ['cuda:2']] 
INFO:root:Sweep = 148; max_diff_corner_singular_values = 8.49e-10
INFO:FixedPoint:CTM iter 148 |delta_C| 8.490194769845929e-10 t 1.6210484048351645 [s]
INFO:yastn.yastn.tn.fpeps.envs._env_ctm_dist_mp:_update_core_T_ h [['cuda:0', 'cuda:3'], ['cuda:1'], ['cuda:2']] 
INFO:yastn.yastn.tn.fpeps.envs._env_ctm_dist_mp:_update_core_T_ v [['cuda:0', 'cuda:3'], ['cuda:1'], ['cuda:2']] 
INFO:root:Sweep = 149; max_diff_corner_singular_values = 8.00e-10
INFO:FixedPoint:CTM iter 149 |delta_C| 7.998267396657639e-10 t 1.637438713107258 [s]
INFO:yastn.yastn.tn.fpeps.envs._env_ctm_dist_mp:_update_core_T_ h [['cuda:0', 'cuda:3'], ['cuda:1'], ['cuda:2']] 
INFO:yastn.yastn.tn.fpeps.envs._env_ctm_dist_mp:_update_core_T_ v [['cuda:0', 'cuda:3'], ['cuda:1'], ['cuda:2']] 
INFO:root:Sweep = 150; max_diff_corner_singular_values = 7.54e-10
INFO:FixedPoint:CTM iter 150 |delta_C| 7.53706896644381e-10 t 1.6056680739857256 [s]
INFO:yastn.yastn.tn.fpeps.envs._env_ctm_dist_mp:_update_core_T_ h [['cuda:0', 'cuda:3'], ['cuda:1'], ['cuda:2']] 
INFO:yastn.yastn.tn.fpeps.envs._env_ctm_dist_mp:_update_core_T_ v [['cuda:0', 'cuda:3'], ['cuda:1'], ['cuda:2']] 
INFO:root:Sweep = 151; max_diff_corner_singular_values = 7.10e-10
INFO:FixedPoint:CTM iter 151 |delta_C| 7.100551000368728e-10 t 1.6208674099761993 [s]
INFO:yastn.yastn.tn.fpeps.envs._env_ctm_dist_mp:_update_core_T_ h [['cuda:0', 'cuda:3'], ['cuda:1'], ['cuda:2']] 
INFO:yastn.yastn.tn.fpeps.envs._env_ctm_dist_mp:_update_core_T_ v [['cuda:0', 'cuda:3'], ['cuda:1'], ['cuda:2']] 
INFO:root:Sweep = 152; max_diff_corner_singular_values = 6.69e-10
INFO:FixedPoint:CTM iter 152 |delta_C| 6.690183389005354e-10 t 1.6176588060334325 [s]
INFO:yastn.yastn.tn.fpeps.envs._env_ctm_dist_mp:_update_core_T_ h [['cuda:0', 'cuda:3'], ['cuda:1'], ['cuda:2']] 
INFO:yastn.yastn.tn.fpeps.envs._env_ctm_dist_mp:_update_core_T_ v [['cuda:0', 'cuda:3'], ['cuda:1'], ['cuda:2']] 
INFO:root:Sweep = 153; max_diff_corner_singular_values = 6.30e-10
INFO:FixedPoint:CTM iter 153 |delta_C| 6.303890541407931e-10 t 1.6324060580227524 [s]
INFO:yastn.yastn.tn.fpeps.envs._env_ctm_dist_mp:_update_core_T_ h [['cuda:0', 'cuda:3'], ['cuda:1'], ['cuda:2']] 
INFO:yastn.yastn.tn.fpeps.envs._env_ctm_dist_mp:_update_core_T_ v [['cuda:0', 'cuda:3'], ['cuda:1'], ['cuda:2']] 
INFO:root:Sweep = 154; max_diff_corner_singular_values = 5.94e-10
INFO:FixedPoint:CTM iter 154 |delta_C| 5.93982146417868e-10 t 1.62650509015657 [s]
INFO:yastn.yastn.tn.fpeps.envs._env_ctm_dist_mp:_update_core_T_ h [['cuda:0', 'cuda:3'], ['cuda:1'], ['cuda:2']] 
INFO:yastn.yastn.tn.fpeps.envs._env_ctm_dist_mp:_update_core_T_ v [['cuda:0', 'cuda:3'], ['cuda:1'], ['cuda:2']] 
INFO:root:Sweep = 155; max_diff_corner_singular_values = 5.60e-10
INFO:FixedPoint:CTM iter 155 |delta_C| 5.599084789267065e-10 t 1.610955271171406 [s]
INFO:yastn.yastn.tn.fpeps.envs._env_ctm_dist_mp:_update_core_T_ h [['cuda:0', 'cuda:3'], ['cuda:1'], ['cuda:2']] 
INFO:yastn.yastn.tn.fpeps.envs._env_ctm_dist_mp:_update_core_T_ v [['cuda:0', 'cuda:3'], ['cuda:1'], ['cuda:2']] 
INFO:root:Sweep = 156; max_diff_corner_singular_values = 5.27e-10
INFO:FixedPoint:CTM iter 156 |delta_C| 5.274769475190888e-10 t 1.6152174740564078 [s]
INFO:yastn.yastn.tn.fpeps.envs._env_ctm_dist_mp:_update_core_T_ h [['cuda:0', 'cuda:3'], ['cuda:1'], ['cuda:2']] 
INFO:yastn.yastn.tn.fpeps.envs._env_ctm_dist_mp:_update_core_T_ v [['cuda:0', 'cuda:3'], ['cuda:1'], ['cuda:2']] 
INFO:root:Sweep = 157; max_diff_corner_singular_values = 4.97e-10
INFO:FixedPoint:CTM iter 157 |delta_C| 4.972202358008742e-10 t 1.7067242490593344 [s]
INFO:yastn.yastn.tn.fpeps.envs._env_ctm_dist_mp:_update_core_T_ h [['cuda:0', 'cuda:3'], ['cuda:1'], ['cuda:2']] 
INFO:yastn.yastn.tn.fpeps.envs._env_ctm_dist_mp:_update_core_T_ v [['cuda:0', 'cuda:3'], ['cuda:1'], ['cuda:2']] 
INFO:root:Sweep = 158; max_diff_corner_singular_values = 4.69e-10
INFO:FixedPoint:CTM iter 158 |delta_C| 4.686392795380279e-10 t 1.6123075170908123 [s]
INFO:yastn.yastn.tn.fpeps.envs._env_ctm_dist_mp:_update_core_T_ h [['cuda:0', 'cuda:3'], ['cuda:1'], ['cuda:2']] 
INFO:yastn.yastn.tn.fpeps.envs._env_ctm_dist_mp:_update_core_T_ v [['cuda:0', 'cuda:3'], ['cuda:1'], ['cuda:2']] 
INFO:root:Sweep = 159; max_diff_corner_singular_values = 4.42e-10
INFO:FixedPoint:CTM iter 159 |delta_C| 4.415228280673786e-10 t 1.6154638349544257 [s]
INFO:yastn.yastn.tn.fpeps.envs._env_ctm_dist_mp:_update_core_T_ h [['cuda:0', 'cuda:3'], ['cuda:1'], ['cuda:2']] 
INFO:yastn.yastn.tn.fpeps.envs._env_ctm_dist_mp:_update_core_T_ v [['cuda:0', 'cuda:3'], ['cuda:1'], ['cuda:2']] 
INFO:root:Sweep = 160; max_diff_corner_singular_values = 4.16e-10
INFO:FixedPoint:CTM iter 160 |delta_C| 4.1634640319745886e-10 t 1.6254638109821826 [s]
INFO:yastn.yastn.tn.fpeps.envs._env_ctm_dist_mp:_update_core_T_ h [['cuda:0', 'cuda:3'], ['cuda:1'], ['cuda:2']] 
INFO:yastn.yastn.tn.fpeps.envs._env_ctm_dist_mp:_update_core_T_ v [['cuda:0', 'cuda:3'], ['cuda:1'], ['cuda:2']] 
INFO:root:Sweep = 161; max_diff_corner_singular_values = 3.92e-10
INFO:FixedPoint:CTM iter 161 |delta_C| 3.9240456696479526e-10 t 1.626871382817626 [s]
INFO:yastn.yastn.tn.fpeps.envs._env_ctm_dist_mp:_update_core_T_ h [['cuda:0', 'cuda:3'], ['cuda:1'], ['cuda:2']] 
INFO:yastn.yastn.tn.fpeps.envs._env_ctm_dist_mp:_update_core_T_ v [['cuda:0', 'cuda:3'], ['cuda:1'], ['cuda:2']] 
INFO:root:Sweep = 162; max_diff_corner_singular_values = 3.70e-10
INFO:FixedPoint:CTM iter 162 |delta_C| 3.6980920165714396e-10 t 1.6663660870399326 [s]
INFO:yastn.yastn.tn.fpeps.envs._env_ctm_dist_mp:_update_core_T_ h [['cuda:0', 'cuda:3'], ['cuda:1'], ['cuda:2']] 
INFO:yastn.yastn.tn.fpeps.envs._env_ctm_dist_mp:_update_core_T_ v [['cuda:0', 'cuda:3'], ['cuda:1'], ['cuda:2']] 
INFO:root:Sweep = 163; max_diff_corner_singular_values = 3.49e-10
INFO:FixedPoint:CTM iter 163 |delta_C| 3.4856637985384413e-10 t 1.7124327111523598 [s]
INFO:yastn.yastn.tn.fpeps.envs._env_ctm_dist_mp:_update_core_T_ h [['cuda:0', 'cuda:3'], ['cuda:1'], ['cuda:2']] 
INFO:yastn.yastn.tn.fpeps.envs._env_ctm_dist_mp:_update_core_T_ v [['cuda:0', 'cuda:3'], ['cuda:1'], ['cuda:2']] 
INFO:root:Sweep = 164; max_diff_corner_singular_values = 3.29e-10
INFO:FixedPoint:CTM iter 164 |delta_C| 3.287688299900594e-10 t 1.627120206831023 [s]
INFO:yastn.yastn.tn.fpeps.envs._env_ctm_dist_mp:_update_core_T_ h [['cuda:0', 'cuda:3'], ['cuda:1'], ['cuda:2']] 
INFO:yastn.yastn.tn.fpeps.envs._env_ctm_dist_mp:_update_core_T_ v [['cuda:0', 'cuda:3'], ['cuda:1'], ['cuda:2']] 
INFO:root:Sweep = 165; max_diff_corner_singular_values = 3.10e-10
INFO:FixedPoint:CTM iter 165 |delta_C| 3.099292530362061e-10 t 1.6456580280791968 [s]
INFO:yastn.yastn.tn.fpeps.envs._env_ctm_dist_mp:_update_core_T_ h [['cuda:0', 'cuda:3'], ['cuda:1'], ['cuda:2']] 
INFO:yastn.yastn.tn.fpeps.envs._env_ctm_dist_mp:_update_core_T_ v [['cuda:0', 'cuda:3'], ['cuda:1'], ['cuda:2']] 
INFO:root:Sweep = 166; max_diff_corner_singular_values = 2.92e-10
INFO:FixedPoint:CTM iter 166 |delta_C| 2.9218767784090015e-10 t 1.645336725981906 [s]
INFO:yastn.yastn.tn.fpeps.envs._env_ctm_dist_mp:_update_core_T_ h [['cuda:0', 'cuda:3'], ['cuda:1'], ['cuda:2']] 
INFO:yastn.yastn.tn.fpeps.envs._env_ctm_dist_mp:_update_core_T_ v [['cuda:0', 'cuda:3'], ['cuda:1'], ['cuda:2']] 
INFO:root:Sweep = 167; max_diff_corner_singular_values = 2.76e-10
INFO:FixedPoint:CTM iter 167 |delta_C| 2.755476246483651e-10 t 1.641186392167583 [s]
INFO:yastn.yastn.tn.fpeps.envs._env_ctm_dist_mp:_update_core_T_ h [['cuda:0', 'cuda:3'], ['cuda:1'], ['cuda:2']] 
INFO:yastn.yastn.tn.fpeps.envs._env_ctm_dist_mp:_update_core_T_ v [['cuda:0', 'cuda:3'], ['cuda:1'], ['cuda:2']] 
INFO:root:Sweep = 168; max_diff_corner_singular_values = 2.60e-10
INFO:FixedPoint:CTM iter 168 |delta_C| 2.5971106559733996e-10 t 1.6195229717995971 [s]
INFO:yastn.yastn.tn.fpeps.envs._env_ctm_dist_mp:_update_core_T_ h [['cuda:0', 'cuda:3'], ['cuda:1'], ['cuda:2']] 
INFO:yastn.yastn.tn.fpeps.envs._env_ctm_dist_mp:_update_core_T_ v [['cuda:0', 'cuda:3'], ['cuda:1'], ['cuda:2']] 
INFO:root:Sweep = 169; max_diff_corner_singular_values = 2.45e-10
INFO:FixedPoint:CTM iter 169 |delta_C| 2.448551873955416e-10 t 1.6069074941333383 [s]
INFO:yastn.yastn.tn.fpeps.envs._env_ctm_dist_mp:_update_core_T_ h [['cuda:0', 'cuda:3'], ['cuda:1'], ['cuda:2']] 
INFO:yastn.yastn.tn.fpeps.envs._env_ctm_dist_mp:_update_core_T_ v [['cuda:0', 'cuda:3'], ['cuda:1'], ['cuda:2']] 
INFO:root:Sweep = 170; max_diff_corner_singular_values = 2.31e-10
INFO:FixedPoint:CTM iter 170 |delta_C| 2.3112683970416422e-10 t 1.6065893929917365 [s]
INFO:yastn.yastn.tn.fpeps.envs._env_ctm_dist_mp:_update_core_T_ h [['cuda:0', 'cuda:3'], ['cuda:1'], ['cuda:2']] 
INFO:yastn.yastn.tn.fpeps.envs._env_ctm_dist_mp:_update_core_T_ v [['cuda:0', 'cuda:3'], ['cuda:1'], ['cuda:2']] 
INFO:root:Sweep = 171; max_diff_corner_singular_values = 2.18e-10
INFO:FixedPoint:CTM iter 171 |delta_C| 2.1778395812447586e-10 t 1.5947994568850845 [s]
INFO:yastn.yastn.tn.fpeps.envs._env_ctm_dist_mp:_update_core_T_ h [['cuda:0', 'cuda:3'], ['cuda:1'], ['cuda:2']] 
INFO:yastn.yastn.tn.fpeps.envs._env_ctm_dist_mp:_update_core_T_ v [['cuda:0', 'cuda:3'], ['cuda:1'], ['cuda:2']] 
INFO:root:Sweep = 172; max_diff_corner_singular_values = 2.06e-10
INFO:FixedPoint:CTM iter 172 |delta_C| 2.0553498390738056e-10 t 1.6006947930436581 [s]
INFO:yastn.yastn.tn.fpeps.envs._env_ctm_dist_mp:_update_core_T_ h [['cuda:0', 'cuda:3'], ['cuda:1'], ['cuda:2']] 
INFO:yastn.yastn.tn.fpeps.envs._env_ctm_dist_mp:_update_core_T_ v [['cuda:0', 'cuda:3'], ['cuda:1'], ['cuda:2']] 
INFO:root:Sweep = 173; max_diff_corner_singular_values = 1.94e-10
INFO:FixedPoint:CTM iter 173 |delta_C| 1.9369730240154872e-10 t 1.6688379140105098 [s]
INFO:yastn.yastn.tn.fpeps.envs._env_ctm_dist_mp:_update_core_T_ h [['cuda:0', 'cuda:3'], ['cuda:1'], ['cuda:2']] 
INFO:yastn.yastn.tn.fpeps.envs._env_ctm_dist_mp:_update_core_T_ v [['cuda:0', 'cuda:3'], ['cuda:1'], ['cuda:2']] 
INFO:root:Sweep = 174; max_diff_corner_singular_values = 1.83e-10
INFO:FixedPoint:CTM iter 174 |delta_C| 1.829807049136164e-10 t 1.6265068829525262 [s]
INFO:yastn.yastn.tn.fpeps.envs._env_ctm_dist_mp:_update_core_T_ h [['cuda:0', 'cuda:3'], ['cuda:1'], ['cuda:2']] 
INFO:yastn.yastn.tn.fpeps.envs._env_ctm_dist_mp:_update_core_T_ v [['cuda:0', 'cuda:3'], ['cuda:1'], ['cuda:2']] 
INFO:root:Sweep = 175; max_diff_corner_singular_values = 1.72e-10
INFO:FixedPoint:CTM iter 175 |delta_C| 1.7243196496963418e-10 t 1.6005477888975292 [s]
INFO:yastn.yastn.tn.fpeps.envs._env_ctm_dist_mp:_update_core_T_ h [['cuda:0', 'cuda:3'], ['cuda:1'], ['cuda:2']] 
INFO:yastn.yastn.tn.fpeps.envs._env_ctm_dist_mp:_update_core_T_ v [['cuda:0', 'cuda:3'], ['cuda:1'], ['cuda:2']] 
INFO:root:Sweep = 176; max_diff_corner_singular_values = 1.63e-10
INFO:FixedPoint:CTM iter 176 |delta_C| 1.6250871612000392e-10 t 1.6012309358920902 [s]
INFO:yastn.yastn.tn.fpeps.envs._env_ctm_dist_mp:_update_core_T_ h [['cuda:0', 'cuda:3'], ['cuda:1'], ['cuda:2']] 
INFO:yastn.yastn.tn.fpeps.envs._env_ctm_dist_mp:_update_core_T_ v [['cuda:0', 'cuda:3'], ['cuda:1'], ['cuda:2']] 
INFO:root:Sweep = 177; max_diff_corner_singular_values = 1.53e-10
INFO:FixedPoint:CTM iter 177 |delta_C| 1.534665190196664e-10 t 1.621189481113106 [s]
INFO:yastn.yastn.tn.fpeps.envs._env_ctm_dist_mp:_update_core_T_ h [['cuda:0', 'cuda:3'], ['cuda:1'], ['cuda:2']] 
INFO:yastn.yastn.tn.fpeps.envs._env_ctm_dist_mp:_update_core_T_ v [['cuda:0', 'cuda:3'], ['cuda:1'], ['cuda:2']] 
INFO:root:Sweep = 178; max_diff_corner_singular_values = 1.45e-10
INFO:FixedPoint:CTM iter 178 |delta_C| 1.448583450711226e-10 t 1.6280456820968539 [s]
INFO:yastn.yastn.tn.fpeps.envs._env_ctm_dist_mp:_update_core_T_ h [['cuda:0', 'cuda:3'], ['cuda:1'], ['cuda:2']] 
INFO:yastn.yastn.tn.fpeps.envs._env_ctm_dist_mp:_update_core_T_ v [['cuda:0', 'cuda:3'], ['cuda:1'], ['cuda:2']] 
INFO:root:Sweep = 179; max_diff_corner_singular_values = 1.37e-10
INFO:FixedPoint:CTM iter 179 |delta_C| 1.3652965047886689e-10 t 1.635510825086385 [s]
INFO:yastn.yastn.tn.fpeps.envs._env_ctm_dist_mp:_update_core_T_ h [['cuda:0', 'cuda:3'], ['cuda:1'], ['cuda:2']] 
INFO:yastn.yastn.tn.fpeps.envs._env_ctm_dist_mp:_update_core_T_ v [['cuda:0', 'cuda:3'], ['cuda:1'], ['cuda:2']] 
INFO:root:Sweep = 180; max_diff_corner_singular_values = 1.29e-10
INFO:FixedPoint:CTM iter 180 |delta_C| 1.2900997357285494e-10 t 1.7916197420563549 [s]
INFO:yastn.yastn.tn.fpeps.envs._env_ctm_dist_mp:_update_core_T_ h [['cuda:0', 'cuda:3'], ['cuda:1'], ['cuda:2']] 
INFO:yastn.yastn.tn.fpeps.envs._env_ctm_dist_mp:_update_core_T_ v [['cuda:0', 'cuda:3'], ['cuda:1'], ['cuda:2']] 
INFO:root:Sweep = 181; max_diff_corner_singular_values = 1.22e-10
INFO:FixedPoint:CTM iter 181 |delta_C| 1.2158143366580494e-10 t 1.5954424501396716 [s]
INFO:yastn.yastn.tn.fpeps.envs._env_ctm_dist_mp:_update_core_T_ h [['cuda:0', 'cuda:3'], ['cuda:1'], ['cuda:2']] 
INFO:yastn.yastn.tn.fpeps.envs._env_ctm_dist_mp:_update_core_T_ v [['cuda:0', 'cuda:3'], ['cuda:1'], ['cuda:2']] 
INFO:root:Sweep = 182; max_diff_corner_singular_values = 1.15e-10
INFO:FixedPoint:CTM iter 182 |delta_C| 1.1488144735593464e-10 t 1.637635752093047 [s]
INFO:yastn.yastn.tn.fpeps.envs._env_ctm_dist_mp:_update_core_T_ h [['cuda:0', 'cuda:3'], ['cuda:1'], ['cuda:2']] 
INFO:yastn.yastn.tn.fpeps.envs._env_ctm_dist_mp:_update_core_T_ v [['cuda:0', 'cuda:3'], ['cuda:1'], ['cuda:2']] 
INFO:root:Sweep = 183; max_diff_corner_singular_values = 1.08e-10
INFO:FixedPoint:CTM iter 183 |delta_C| 1.082004736449246e-10 t 1.630615197122097 [s]
INFO:yastn.yastn.tn.fpeps.envs._env_ctm_dist_mp:_update_core_T_ h [['cuda:0', 'cuda:3'], ['cuda:1'], ['cuda:2']] 
INFO:yastn.yastn.tn.fpeps.envs._env_ctm_dist_mp:_update_core_T_ v [['cuda:0', 'cuda:3'], ['cuda:1'], ['cuda:2']] 
INFO:root:Sweep = 184; max_diff_corner_singular_values = 1.02e-10
INFO:FixedPoint:CTM iter 184 |delta_C| 1.0238772931471036e-10 t 1.6267687529325485 [s]
INFO:yastn.yastn.tn.fpeps.envs._env_ctm_dist_mp:_update_core_T_ h [['cuda:0', 'cuda:3'], ['cuda:1'], ['cuda:2']] 
INFO:yastn.yastn.tn.fpeps.envs._env_ctm_dist_mp:_update_core_T_ v [['cuda:0', 'cuda:3'], ['cuda:1'], ['cuda:2']] 
INFO:root:Sweep = 185; max_diff_corner_singular_values = 9.63e-11
INFO:FixedPoint:CTM iter 185 |delta_C| 9.626392458627573e-11 t 3.2607672410085797 [s]
INFO:FixedPoint:CTM: convergence: True, sweeps 185, t_ctm 316.5971775103826 [s], t_check 6.315646672388539 [s]
history [nan, 0.00014918721397218576, 5.1548462078448714e-05, 3.109318301992247e-05, 2.2861892312718713e-05, 1.296810271968545e-05, 1.0371108479162544e-05, 5.835458887101545e-06, 5.29991751231969e-06, 3.5688033740955023e-06, 2.8888840034780058e-06, 2.999777517951144e-06, 2.6086771637596077e-06, 2.5490355026362504e-06, 2.4630224264709217e-06, 2.2908872877230672e-06, 2.1588382655646603e-06, 2.1048563607433333e-06, 1.962715489097951e-06, 1.8514830679867153e-06, 1.7813887958235391e-06, 1.6782449606969022e-06, 1.574288368868213e-06, 1.5062258623388414e-06, 1.4233394266206757e-06, 1.332935367508205e-06, 1.2687354178063085e-06, 1.201132803714396e-06, 1.123534734223702e-06, 1.0658397541838413e-06, 1.0094930075485993e-06, 9.439569037258922e-07, 8.93321667359931e-07, 8.459883118938458e-07, 7.910969626409395e-07, 7.47410658526139e-07, 7.074885614111064e-07, 6.617757896898096e-07, 6.244954420739478e-07, 5.907965408344312e-07, 5.528565380536522e-07, 5.212806877465378e-07, 4.928494688331511e-07, 4.6142359911701225e-07, 4.348162201435413e-07, 4.1085675603739465e-07, 3.848537519346173e-07, 3.6251171818761035e-07, 3.4234863195511075e-07, 3.2084082899744984e-07, 3.021261267804845e-07, 2.8518115178828365e-07, 2.673907868336658e-07, 2.5174145091322653e-07, 2.375187147964292e-07, 2.2279895606168508e-07, 2.0972806710068846e-07, 1.9780357867718608e-07, 1.8561919115466715e-07, 1.7471111743789982e-07, 1.6472290075095315e-07, 1.5463183380566948e-07, 1.4553391860199903e-07, 1.371745247442797e-07, 1.2881262344192447e-07, 1.212271273228039e-07, 1.1423621366006571e-07, 1.0730299968769181e-07, 1.0098072447651411e-07, 9.513726703170838e-08, 8.938610356917769e-08, 8.411718656354075e-08, 7.923560605432146e-08, 7.446228316081662e-08, 7.007189048502656e-08, 6.599589528229057e-08, 6.203202503443969e-08, 5.8374361849610736e-08, 5.4971732158078806e-08, 5.167892821672756e-08, 4.863196670582085e-08, 4.579221509330481e-08, 4.305596957028475e-08, 4.0517440974832953e-08, 3.814846293986946e-08, 3.587386751201412e-08, 3.375883305970858e-08, 3.178290049006104e-08, 2.989154424463408e-08, 2.8129743611798572e-08, 2.6481740546193653e-08, 2.4908552933147483e-08, 2.3440861871056175e-08, 2.2066735093295547e-08, 2.0757828784995627e-08, 1.953515098446415e-08, 1.838942646843817e-08, 1.7300232041989793e-08, 1.628158465906095e-08, 1.5326529567936618e-08, 1.4419910020136189e-08, 1.3571276504706706e-08, 1.2775094606555286e-08, 1.2020353710393319e-08, 1.1313407166360701e-08, 1.0649420250872977e-08, 1.0021234209985538e-08, 9.432081009774263e-09, 8.878791434429472e-09, 8.355498775355128e-09, 7.864782767250245e-09, 7.403381925471619e-09, 6.967735304997759e-09, 6.5585618794422626e-09, 6.174237392695091e-09, 5.81107029644513e-09, 5.470242763972247e-09, 5.149699728307685e-09, 4.847493350375979e-09, 4.563089970529366e-09, 4.296128239181937e-09, 4.044077402504949e-09, 3.8072021632582135e-09, 3.5844332947597567e-09, 3.3745655597707923e-09, 3.1771835313047746e-09, 2.9914535087026604e-09, 2.816403432041771e-09, 2.6517826758534636e-09, 2.4967747959772905e-09, 2.3511680731361024e-09, 2.213726679702369e-09, 2.0846863632013346e-09, 1.963158752817676e-09, 1.8485622638088208e-09, 1.7409541214817208e-09, 1.6394175007368295e-09, 1.5440388253216132e-09, 1.4541984301550069e-09, 1.3696133804850574e-09, 1.2900137263956583e-09, 1.215034095468889e-09, 1.1444084495297272e-09, 1.0780996358650807e-09, 1.0155716977693242e-09, 9.566100114201567e-10, 9.012339060438965e-10, 8.490194769845929e-10, 7.998267396657639e-10, 7.53706896644381e-10, 7.100551000368728e-10, 6.690183389005354e-10, 6.303890541407931e-10, 5.93982146417868e-10, 5.599084789267065e-10, 5.274769475190888e-10, 4.972202358008742e-10, 4.686392795380279e-10, 4.415228280673786e-10, 4.1634640319745886e-10, 3.9240456696479526e-10, 3.6980920165714396e-10, 3.4856637985384413e-10, 3.287688299900594e-10, 3.099292530362061e-10, 2.9218767784090015e-10, 2.755476246483651e-10, 2.5971106559733996e-10, 2.448551873955416e-10, 2.3112683970416422e-10, 2.1778395812447586e-10, 2.0553498390738056e-10, 1.9369730240154872e-10, 1.829807049136164e-10, 1.7243196496963418e-10, 1.6250871612000392e-10, 1.534665190196664e-10, 1.448583450711226e-10, 1.3652965047886689e-10, 1.2900997357285494e-10, 1.2158143366580494e-10, 1.1488144735593464e-10, 1.082004736449246e-10, 1.0238772931471036e-10, 9.626392458627573e-11].
INFO:FixedPoint:FixedPointBackward.forward FP CTM step t 3.3553267740644515 [s]
INFO:FixedPoint:FixedPointBackward.forward FP gauge-fixing t 14.934212625958025 [s]
INFO:__main__:loss: -0.08451398216490842
