INFO:__main__:loaded /capstor/scratch/cscs/hchen/tutorial/tn-torch_dev/examples/honeycomb/FCI_states/D5/embed_t1_0.1_3x3_N3_D_5_chi_75_seed_4_fullrank_cuda_state.json
INFO:yastn.yastn.tn.fpeps.envs._env_ctm_dist_mp:ctmrg_T main loop max_workers=4 on devices=['cuda:0', 'cuda:1', 'cuda:2', 'cuda:3']
INFO:yastn.yastn.tn.fpeps.envs._env_ctm_dist_mp:_update_core_T_ h [['cuda:0', 'cuda:3'], ['cuda:1'], ['cuda:2']] 
INFO:yastn.yastn.tn.fpeps.envs._env_ctm_dist_mp:_update_core_T_ v [['cuda:0', 'cuda:3'], ['cuda:1'], ['cuda:2']] 
INFO:root:Sweep = 001; max_diff_corner_singular_values = nan
INFO:FixedPoint:CTM iter 1 |delta_C| nan t 19.247806979110464 [s]
INFO:yastn.yastn.tn.fpeps.envs._env_ctm_dist_mp:_update_core_T_ h [['cuda:0', 'cuda:3'], ['cuda:1'], ['cuda:2']] 
INFO:yastn.yastn.tn.fpeps.envs._env_ctm_dist_mp:_update_core_T_ v [['cuda:0', 'cuda:3'], ['cuda:1'], ['cuda:2']] 
INFO:root:Sweep = 002; max_diff_corner_singular_values = 1.37e-10
INFO:FixedPoint:CTM iter 2 |delta_C| 1.36761703362697e-10 t 6.938760241027921 [s]
INFO:yastn.yastn.tn.fpeps.envs._env_ctm_dist_mp:_update_core_T_ h [['cuda:0', 'cuda:3'], ['cuda:1'], ['cuda:2']] 
INFO:yastn.yastn.tn.fpeps.envs._env_ctm_dist_mp:_update_core_T_ v [['cuda:0', 'cuda:3'], ['cuda:1'], ['cuda:2']] 
INFO:root:Sweep = 003; max_diff_corner_singular_values = 1.05e-10
INFO:FixedPoint:CTM iter 3 |delta_C| 1.0514893381110069e-10 t 4.539841420017183 [s]
INFO:yastn.yastn.tn.fpeps.envs._env_ctm_dist_mp:_update_core_T_ h [['cuda:0', 'cuda:3'], ['cuda:1'], ['cuda:2']] 
INFO:yastn.yastn.tn.fpeps.envs._env_ctm_dist_mp:_update_core_T_ v [['cuda:0', 'cuda:3'], ['cuda:1'], ['cuda:2']] 
INFO:root:Sweep = 004; max_diff_corner_singular_values = 1.37e-10
INFO:FixedPoint:CTM iter 4 |delta_C| 1.371144129483444e-10 t 3.161820393987 [s]
INFO:yastn.yastn.tn.fpeps.envs._env_ctm_dist_mp:_update_core_T_ h [['cuda:0', 'cuda:3'], ['cuda:1'], ['cuda:2']] 
INFO:yastn.yastn.tn.fpeps.envs._env_ctm_dist_mp:_update_core_T_ v [['cuda:0', 'cuda:3'], ['cuda:1'], ['cuda:2']] 
INFO:root:Sweep = 005; max_diff_corner_singular_values = 1.33e-10
INFO:FixedPoint:CTM iter 5 |delta_C| 1.3273927899786766e-10 t 4.735185157041997 [s]
INFO:yastn.yastn.tn.fpeps.envs._env_ctm_dist_mp:_update_core_T_ h [['cuda:0', 'cuda:3'], ['cuda:1'], ['cuda:2']] 
INFO:yastn.yastn.tn.fpeps.envs._env_ctm_dist_mp:_update_core_T_ v [['cuda:0', 'cuda:3'], ['cuda:1'], ['cuda:2']] 
INFO:root:Sweep = 006; max_diff_corner_singular_values = 1.05e-10
INFO:FixedPoint:CTM iter 6 |delta_C| 1.0544096879483405e-10 t 3.12761710700579 [s]
INFO:yastn.yastn.tn.fpeps.envs._env_ctm_dist_mp:_update_core_T_ h [['cuda:0', 'cuda:3'], ['cuda:1'], ['cuda:2']] 
INFO:yastn.yastn.tn.fpeps.envs._env_ctm_dist_mp:_update_core_T_ v [['cuda:0', 'cuda:3'], ['cuda:1'], ['cuda:2']] 
INFO:root:Sweep = 007; max_diff_corner_singular_values = 1.15e-10
INFO:FixedPoint:CTM iter 7 |delta_C| 1.1517247502794477e-10 t 3.150659075938165 [s]
INFO:yastn.yastn.tn.fpeps.envs._env_ctm_dist_mp:_update_core_T_ h [['cuda:0', 'cuda:3'], ['cuda:1'], ['cuda:2']] 
INFO:yastn.yastn.tn.fpeps.envs._env_ctm_dist_mp:_update_core_T_ v [['cuda:0', 'cuda:3'], ['cuda:1'], ['cuda:2']] 
INFO:root:Sweep = 008; max_diff_corner_singular_values = 1.20e-10
INFO:FixedPoint:CTM iter 8 |delta_C| 1.20025566464253e-10 t 3.1471921000629663 [s]
INFO:yastn.yastn.tn.fpeps.envs._env_ctm_dist_mp:_update_core_T_ h [['cuda:0', 'cuda:3'], ['cuda:1'], ['cuda:2']] 
INFO:yastn.yastn.tn.fpeps.envs._env_ctm_dist_mp:_update_core_T_ v [['cuda:0', 'cuda:3'], ['cuda:1'], ['cuda:2']] 
INFO:root:Sweep = 009; max_diff_corner_singular_values = 1.16e-10
INFO:FixedPoint:CTM iter 9 |delta_C| 1.1608442811905025e-10 t 3.1313208749052137 [s]
INFO:yastn.yastn.tn.fpeps.envs._env_ctm_dist_mp:_update_core_T_ h [['cuda:0', 'cuda:3'], ['cuda:1'], ['cuda:2']] 
INFO:yastn.yastn.tn.fpeps.envs._env_ctm_dist_mp:_update_core_T_ v [['cuda:0', 'cuda:3'], ['cuda:1'], ['cuda:2']] 
INFO:root:Sweep = 010; max_diff_corner_singular_values = 1.13e-10
INFO:FixedPoint:CTM iter 10 |delta_C| 1.1275649957153608e-10 t 3.148536338005215 [s]
INFO:yastn.yastn.tn.fpeps.envs._env_ctm_dist_mp:_update_core_T_ h [['cuda:0', 'cuda:3'], ['cuda:1'], ['cuda:2']] 
INFO:yastn.yastn.tn.fpeps.envs._env_ctm_dist_mp:_update_core_T_ v [['cuda:0', 'cuda:3'], ['cuda:1'], ['cuda:2']] 
INFO:root:Sweep = 011; max_diff_corner_singular_values = 1.34e-10
INFO:FixedPoint:CTM iter 11 |delta_C| 1.3384019110247596e-10 t 3.1551685750018805 [s]
INFO:yastn.yastn.tn.fpeps.envs._env_ctm_dist_mp:_update_core_T_ h [['cuda:0', 'cuda:3'], ['cuda:1'], ['cuda:2']] 
INFO:yastn.yastn.tn.fpeps.envs._env_ctm_dist_mp:_update_core_T_ v [['cuda:0', 'cuda:3'], ['cuda:1'], ['cuda:2']] 
INFO:root:Sweep = 012; max_diff_corner_singular_values = 1.40e-10
INFO:FixedPoint:CTM iter 12 |delta_C| 1.400587569860406e-10 t 3.2044020630419254 [s]
INFO:yastn.yastn.tn.fpeps.envs._env_ctm_dist_mp:_update_core_T_ h [['cuda:0', 'cuda:3'], ['cuda:1'], ['cuda:2']] 
INFO:yastn.yastn.tn.fpeps.envs._env_ctm_dist_mp:_update_core_T_ v [['cuda:0', 'cuda:3'], ['cuda:1'], ['cuda:2']] 
INFO:root:Sweep = 013; max_diff_corner_singular_values = 1.69e-10
INFO:FixedPoint:CTM iter 13 |delta_C| 1.6881979152757888e-10 t 3.1434423502068967 [s]
INFO:yastn.yastn.tn.fpeps.envs._env_ctm_dist_mp:_update_core_T_ h [['cuda:0', 'cuda:3'], ['cuda:1'], ['cuda:2']] 
INFO:yastn.yastn.tn.fpeps.envs._env_ctm_dist_mp:_update_core_T_ v [['cuda:0', 'cuda:3'], ['cuda:1'], ['cuda:2']] 
INFO:root:Sweep = 014; max_diff_corner_singular_values = 1.02e-10
INFO:FixedPoint:CTM iter 14 |delta_C| 1.0203623072021605e-10 t 3.179065776988864 [s]
INFO:yastn.yastn.tn.fpeps.envs._env_ctm_dist_mp:_update_core_T_ h [['cuda:0', 'cuda:3'], ['cuda:1'], ['cuda:2']] 
INFO:yastn.yastn.tn.fpeps.envs._env_ctm_dist_mp:_update_core_T_ v [['cuda:0', 'cuda:3'], ['cuda:1'], ['cuda:2']] 
INFO:root:Sweep = 015; max_diff_corner_singular_values = 1.32e-10
INFO:FixedPoint:CTM iter 15 |delta_C| 1.3234176192665852e-10 t 3.1407739999704063 [s]
INFO:yastn.yastn.tn.fpeps.envs._env_ctm_dist_mp:_update_core_T_ h [['cuda:0', 'cuda:3'], ['cuda:1'], ['cuda:2']] 
INFO:yastn.yastn.tn.fpeps.envs._env_ctm_dist_mp:_update_core_T_ v [['cuda:0', 'cuda:3'], ['cuda:1'], ['cuda:2']] 
INFO:root:Sweep = 016; max_diff_corner_singular_values = 1.40e-10
INFO:FixedPoint:CTM iter 16 |delta_C| 1.403373773011635e-10 t 3.1943983980454504 [s]
INFO:yastn.yastn.tn.fpeps.envs._env_ctm_dist_mp:_update_core_T_ h [['cuda:0', 'cuda:3'], ['cuda:1'], ['cuda:2']] 
INFO:yastn.yastn.tn.fpeps.envs._env_ctm_dist_mp:_update_core_T_ v [['cuda:0', 'cuda:3'], ['cuda:1'], ['cuda:2']] 
INFO:root:Sweep = 017; max_diff_corner_singular_values = 1.32e-10
INFO:FixedPoint:CTM iter 17 |delta_C| 1.3249683483622012e-10 t 3.1475845018867403 [s]
INFO:yastn.yastn.tn.fpeps.envs._env_ctm_dist_mp:_update_core_T_ h [['cuda:0', 'cuda:3'], ['cuda:1'], ['cuda:2']] 
INFO:yastn.yastn.tn.fpeps.envs._env_ctm_dist_mp:_update_core_T_ v [['cuda:0', 'cuda:3'], ['cuda:1'], ['cuda:2']] 
INFO:root:Sweep = 018; max_diff_corner_singular_values = 1.14e-10
INFO:FixedPoint:CTM iter 18 |delta_C| 1.1416885770886451e-10 t 3.163855297025293 [s]
INFO:yastn.yastn.tn.fpeps.envs._env_ctm_dist_mp:_update_core_T_ h [['cuda:0', 'cuda:3'], ['cuda:1'], ['cuda:2']] 
INFO:yastn.yastn.tn.fpeps.envs._env_ctm_dist_mp:_update_core_T_ v [['cuda:0', 'cuda:3'], ['cuda:1'], ['cuda:2']] 
INFO:root:Sweep = 019; max_diff_corner_singular_values = 1.39e-10
INFO:FixedPoint:CTM iter 19 |delta_C| 1.390687770523231e-10 t 3.277121586026624 [s]
INFO:yastn.yastn.tn.fpeps.envs._env_ctm_dist_mp:_update_core_T_ h [['cuda:0', 'cuda:3'], ['cuda:1'], ['cuda:2']] 
INFO:yastn.yastn.tn.fpeps.envs._env_ctm_dist_mp:_update_core_T_ v [['cuda:0', 'cuda:3'], ['cuda:1'], ['cuda:2']] 
INFO:root:Sweep = 020; max_diff_corner_singular_values = 1.26e-10
INFO:FixedPoint:CTM iter 20 |delta_C| 1.261861794138021e-10 t 3.1494170990772545 [s]
INFO:yastn.yastn.tn.fpeps.envs._env_ctm_dist_mp:_update_core_T_ h [['cuda:0', 'cuda:3'], ['cuda:1'], ['cuda:2']] 
INFO:yastn.yastn.tn.fpeps.envs._env_ctm_dist_mp:_update_core_T_ v [['cuda:0', 'cuda:3'], ['cuda:1'], ['cuda:2']] 
INFO:root:Sweep = 021; max_diff_corner_singular_values = 1.17e-10
INFO:FixedPoint:CTM iter 21 |delta_C| 1.1704661808191262e-10 t 3.139386654132977 [s]
INFO:yastn.yastn.tn.fpeps.envs._env_ctm_dist_mp:_update_core_T_ h [['cuda:0', 'cuda:3'], ['cuda:1'], ['cuda:2']] 
INFO:yastn.yastn.tn.fpeps.envs._env_ctm_dist_mp:_update_core_T_ v [['cuda:0', 'cuda:3'], ['cuda:1'], ['cuda:2']] 
INFO:root:Sweep = 022; max_diff_corner_singular_values = 1.45e-10
INFO:FixedPoint:CTM iter 22 |delta_C| 1.4450748005578888e-10 t 3.1202159349340945 [s]
INFO:yastn.yastn.tn.fpeps.envs._env_ctm_dist_mp:_update_core_T_ h [['cuda:0', 'cuda:3'], ['cuda:1'], ['cuda:2']] 
INFO:yastn.yastn.tn.fpeps.envs._env_ctm_dist_mp:_update_core_T_ v [['cuda:0', 'cuda:3'], ['cuda:1'], ['cuda:2']] 
INFO:root:Sweep = 023; max_diff_corner_singular_values = 1.11e-10
INFO:FixedPoint:CTM iter 23 |delta_C| 1.1087526994075325e-10 t 3.1629988390486687 [s]
INFO:yastn.yastn.tn.fpeps.envs._env_ctm_dist_mp:_update_core_T_ h [['cuda:0', 'cuda:3'], ['cuda:1'], ['cuda:2']] 
INFO:yastn.yastn.tn.fpeps.envs._env_ctm_dist_mp:_update_core_T_ v [['cuda:0', 'cuda:3'], ['cuda:1'], ['cuda:2']] 
INFO:root:Sweep = 024; max_diff_corner_singular_values = 9.32e-11
INFO:FixedPoint:CTM iter 24 |delta_C| 9.319396163904895e-11 t 4.949707666877657 [s]
INFO:FixedPoint:CTM: convergence: True, sweeps 24, t_ctm 100.45627842936665 [s], t_check 4.083921677665785 [s]
history [nan, 1.36761703362697e-10, 1.0514893381110069e-10, 1.371144129483444e-10, 1.3273927899786766e-10, 1.0544096879483405e-10, 1.1517247502794477e-10, 1.20025566464253e-10, 1.1608442811905025e-10, 1.1275649957153608e-10, 1.3384019110247596e-10, 1.400587569860406e-10, 1.6881979152757888e-10, 1.0203623072021605e-10, 1.3234176192665852e-10, 1.403373773011635e-10, 1.3249683483622012e-10, 1.1416885770886451e-10, 1.390687770523231e-10, 1.261861794138021e-10, 1.1704661808191262e-10, 1.4450748005578888e-10, 1.1087526994075325e-10, 9.319396163904895e-11].
INFO:FixedPoint:FixedPointBackward.forward FP CTM step t 7.137848244048655 [s]
INFO:FixedPoint:FixedPointBackward.forward FP gauge-fixing t 30.714856036007404 [s]
INFO:__main__:loss: -0.08451158011611283
INFO:__main__:{"nA_Site(0, 0)": 0.1619729560882975, "nB_Site(0, 0)": 0.16103213704982355, "nA_Site(0, 1)": 0.16930744681291598, "nB_Site(0, 1)": 0.16964400313969855, "nA_Site(0, 2)": 0.167756062594417, "nB_Site(0, 2)": 0.1702873744675583}
