INFO:__main__:{'history_length': 3, 'history': [-0.6666624131881295, -0.6666631424001446, -0.6666631443142319]}
INFO:optim.fd_optim_lbfgs_mod:{"id": 0, "loss": -0.6666631443142319, "timings": [2.9204866440013575, 9.245809726999141]}
INFO:__main__:{'history_length': 2, 'history': [-0.6666631443223046, -0.6666631443222266]}
INFO:optim.fd_optim_lbfgs_mod:FD_GRAD 1 loss1 -0.6666631443222266 grad_i -7.994716000325752e-09 timings (1.4400495900008536, 4.703411469999992)
INFO:__main__:{'history_length': 2, 'history': [-0.6666630434579943, -0.6666630434579137]}
INFO:optim.fd_optim_lbfgs_mod:FD_GRAD 2 loss1 -0.6666630434579137 grad_i 0.00010085631818590457 timings (1.5596267610017094, 4.977653518999432)
INFO:__main__:{'history_length': 2, 'history': [-0.6666631217544925, -0.6666631217544147]}
INFO:optim.fd_optim_lbfgs_mod:FD_GRAD 6 loss1 -0.6666631217544147 grad_i 2.2559817236533775e-05 timings (1.4064993569991202, 4.624154170000111)
INFO:optim.fd_optim_lbfgs_mod:FD_GRAD grad {(0, 0): tensor([ 0.0000e+00, -7.9947e-09,  1.0086e-04,  0.0000e+00,  0.0000e+00,
         0.0000e+00,  2.2560e-05,  0.0000e+00], dtype=torch.float64)}
INFO:optim.fd_optim_lbfgs_mod:{"id": 0, "t_grad": 51.290845462001016}
INFO:__main__:{'history_length': 2, 'history': [-0.666663154857117, -0.6666631548570401]}
INFO:optim.fd_optim_lbfgs_mod:{"id": 1, "loss": -0.6666631548570401, "timings": [1.3845362599968212, 4.6169817650006735]}
INFO:__main__:{'history_length': 2, 'history': [-0.6666631548570428, -0.6666631548570432]}
INFO:optim.fd_optim_lbfgs_mod:FD_GRAD 1 loss1 -0.6666631548570432 grad_i -3.1086244689504383e-12 timings (1.4210092110006372, 5.417557434997434)
INFO:__main__:{'history_length': 2, 'history': [-0.6666630542700323, -0.666663054270032]}
INFO:optim.fd_optim_lbfgs_mod:FD_GRAD 2 loss1 -0.666663054270032 grad_i 0.00010058700805615217 timings (1.3616316269981326, 4.753999607000878)
INFO:__main__:{'history_length': 2, 'history': [-0.6666631323564262, -0.6666631323564256]}
INFO:optim.fd_optim_lbfgs_mod:FD_GRAD 6 loss1 -0.6666631323564256 grad_i 2.2500614482723336e-05 timings (1.454760313998122, 4.6475532010008465)
INFO:optim.fd_optim_lbfgs_mod:FD_GRAD grad {(0, 0): tensor([ 0.0000e+00, -3.1086e-12,  1.0059e-04,  0.0000e+00,  0.0000e+00,
         0.0000e+00,  2.2501e-05,  0.0000e+00], dtype=torch.float64)}
INFO:optim.fd_optim_lbfgs_mod:{"id": 1, "t_grad": 52.15688106199741}
INFO:__main__:{'history_length': 2, 'history': [-0.6666631653347537, -0.666663165334754]}
INFO:optim.fd_optim_lbfgs_mod:{"id": 2, "loss": -0.666663165334754, "timings": [1.3631796320005378, 5.050211306002893]}
INFO:__main__:{'history_length': 2, 'history': [-0.6666631653347536, -0.666663165334753]}
INFO:optim.fd_optim_lbfgs_mod:FD_GRAD 1 loss1 -0.666663165334753 grad_i 9.992007221626409e-13 timings (1.4600189579978178, 4.788520948000951)
INFO:__main__:{'history_length': 2, 'history': [-0.6666630650236074, -0.6666630650236065]}
INFO:optim.fd_optim_lbfgs_mod:FD_GRAD 2 loss1 -0.6666630650236065 grad_i 0.00010031114749953218 timings (1.387452511000447, 4.699295692000305)
INFO:__main__:{'history_length': 2, 'history': [-0.6666631429009677, -0.6666631429009677]}
INFO:optim.fd_optim_lbfgs_mod:FD_GRAD 6 loss1 -0.6666631429009677 grad_i 2.243378627309056e-05 timings (1.4259097330032091, 4.6986000269971555)
INFO:optim.fd_optim_lbfgs_mod:FD_GRAD grad {(0, 0): tensor([0.0000e+00, 9.9920e-13, 1.0031e-04, 0.0000e+00, 0.0000e+00, 0.0000e+00,
        2.2434e-05, 0.0000e+00], dtype=torch.float64)}
INFO:optim.fd_optim_lbfgs_mod:{"id": 2, "t_grad": 50.87496568400093}
INFO:__main__:{'history_length': 2, 'history': [-0.6666631757548482, -0.6666631757548478]}
INFO:optim.fd_optim_lbfgs_mod:{"id": 3, "loss": -0.6666631757548478, "timings": [1.4334088360010355, 4.618452822000108]}
INFO:__main__:{'history_length': 2, 'history': [-0.6666631757548478, -0.6666631757548478]}
INFO:optim.fd_optim_lbfgs_mod:FD_GRAD 1 loss1 -0.6666631757548478 grad_i 0.0 timings (1.3979558020000695, 4.61297289399954)
INFO:__main__:{'history_length': 2, 'history': [-0.6666630757181159, -0.6666630757181158]}
INFO:optim.fd_optim_lbfgs_mod:FD_GRAD 2 loss1 -0.6666630757181158 grad_i 0.00010003673200920105 timings (1.4518299490009667, 4.670108218997484)
INFO:__main__:{'history_length': 2, 'history': [-0.6666631533875271, -0.6666631533875274]}
INFO:optim.fd_optim_lbfgs_mod:FD_GRAD 6 loss1 -0.6666631533875274 grad_i 2.2367320440253025e-05 timings (1.3973439799992775, 4.628633800999523)
INFO:optim.fd_optim_lbfgs_mod:FD_GRAD grad {(0, 0): tensor([0.0000e+00, 0.0000e+00, 1.0004e-04, 0.0000e+00, 0.0000e+00, 0.0000e+00,
        2.2367e-05, 0.0000e+00], dtype=torch.float64)}
INFO:optim.fd_optim_lbfgs_mod:{"id": 3, "t_grad": 56.408978726001806}
INFO:__main__:{'history_length': 2, 'history': [-0.6666631861177874, -0.6666631861177867]}
INFO:optim.fd_optim_lbfgs_mod:{"id": 4, "loss": -0.6666631861177867, "timings": [1.388055016999715, 4.707185335002578]}
INFO:__main__:{'history_length': 2, 'history': [-0.6666631861177872, -0.6666631861177867]}
INFO:optim.fd_optim_lbfgs_mod:FD_GRAD 1 loss1 -0.6666631861177867 grad_i 0.0 timings (1.3710167680001177, 4.605755941000098)
INFO:__main__:{'history_length': 2, 'history': [-0.6666630863540295, -0.6666630863540297]}
INFO:optim.fd_optim_lbfgs_mod:FD_GRAD 2 loss1 -0.6666630863540297 grad_i 9.976375703324436e-05 timings (1.3699088799985475, 4.642458932001318)
INFO:__main__:{'history_length': 2, 'history': [-0.6666631638165683, -0.6666631638165683]}
INFO:optim.fd_optim_lbfgs_mod:FD_GRAD 6 loss1 -0.6666631638165683 grad_i 2.2301218427500658e-05 timings (1.4667635969999537, 4.743431069997314)
INFO:optim.fd_optim_lbfgs_mod:FD_GRAD grad {(0, 0): tensor([0.0000e+00, 0.0000e+00, 9.9764e-05, 0.0000e+00, 0.0000e+00, 0.0000e+00,
        2.2301e-05, 0.0000e+00], dtype=torch.float64)}
INFO:optim.fd_optim_lbfgs_mod:{"id": 4, "t_grad": 50.889086361999944}
INFO:__main__:{'history_length': 2, 'history': [-0.6666631964240282, -0.6666631964240282]}
INFO:optim.fd_optim_lbfgs_mod:{"id": 5, "loss": -0.6666631964240282, "timings": [1.3929034040011175, 4.641206168998906]}
INFO:__main__:{'history_length': 2, 'history': [-0.6666631964240286, -0.6666631964240292]}
INFO:optim.fd_optim_lbfgs_mod:FD_GRAD 1 loss1 -0.6666631964240292 grad_i -9.992007221626409e-13 timings (1.3912208780020592, 4.709472652000841)
INFO:__main__:{'history_length': 2, 'history': [-0.6666630969318159, -0.6666630969318161]}
INFO:optim.fd_optim_lbfgs_mod:FD_GRAD 2 loss1 -0.6666630969318161 grad_i 9.949221202454339e-05 timings (1.409448930000508, 4.679626440996799)
INFO:__main__:{'history_length': 2, 'history': [-0.6666631741885504, -0.6666631741885503]}
INFO:optim.fd_optim_lbfgs_mod:FD_GRAD 6 loss1 -0.6666631741885503 grad_i 2.223547790336511e-05 timings (1.4907675680005923, 4.606344413001352)
INFO:optim.fd_optim_lbfgs_mod:FD_GRAD grad {(0, 0): tensor([ 0.0000e+00, -9.9920e-13,  9.9492e-05,  0.0000e+00,  0.0000e+00,
         0.0000e+00,  2.2235e-05,  0.0000e+00], dtype=torch.float64)}
INFO:optim.fd_optim_lbfgs_mod:{"id": 5, "t_grad": 50.885729622001236}
INFO:__main__:{'history_length': 2, 'history': [-0.6666632066740239, -0.6666632066740239]}
INFO:optim.fd_optim_lbfgs_mod:{"id": 6, "loss": -0.6666632066740239, "timings": [1.6153183579990582, 4.590947400000005]}
INFO:__main__:{'history_length': 2, 'history': [-0.6666632066740243, -0.6666632066740235]}
INFO:optim.fd_optim_lbfgs_mod:FD_GRAD 1 loss1 -0.6666632066740235 grad_i 4.440892098500626e-13 timings (1.368198324998957, 4.591190559000097)
INFO:__main__:{'history_length': 2, 'history': [-0.6666631074519385, -0.6666631074519385]}
INFO:optim.fd_optim_lbfgs_mod:FD_GRAD 2 loss1 -0.6666631074519385 grad_i 9.922208543677868e-05 timings (1.3651052519999212, 4.593721101002302)
INFO:__main__:{'history_length': 2, 'history': [-0.6666631845039284, -0.6666631845039288]}
INFO:optim.fd_optim_lbfgs_mod:FD_GRAD 6 loss1 -0.6666631845039288 grad_i 2.2170095093088094e-05 timings (1.369102306998684, 4.584300279999297)
INFO:optim.fd_optim_lbfgs_mod:FD_GRAD grad {(0, 0): tensor([0.0000e+00, 4.4409e-13, 9.9222e-05, 0.0000e+00, 0.0000e+00, 0.0000e+00,
        2.2170e-05, 0.0000e+00], dtype=torch.float64)}
INFO:optim.fd_optim_lbfgs_mod:{"id": 6, "t_grad": 50.020842406000156}
